        -:    0:Source:/Users/csv610/Projects/Mesh/Directional/external/eigen/Eigen/src/Jacobi/Jacobi.h
        -:    0:Graph:./tests/CMakeFiles/vecfields_test_field_processing.dir/test_field_processing.cpp.gcno
        -:    0:Data:./tests/CMakeFiles/vecfields_test_field_processing.dir/test_field_processing.cpp.gcda
        -:    0:Runs:1
        -:    1:// This file is part of Eigen, a lightweight C++ template library
        -:    2:// for linear algebra.
        -:    3://
        -:    4:// Copyright (C) 2009 Benoit Jacob <jacob.benoit.1@gmail.com>
        -:    5:// Copyright (C) 2009 Gael Guennebaud <gael.guennebaud@inria.fr>
        -:    6://
        -:    7:// This Source Code Form is subject to the terms of the Mozilla
        -:    8:// Public License v. 2.0. If a copy of the MPL was not distributed
        -:    9:// with this file, You can obtain one at http://mozilla.org/MPL/2.0/.
        -:   10:
        -:   11:#ifndef EIGEN_JACOBI_H
        -:   12:#define EIGEN_JACOBI_H
        -:   13:
        -:   14:// IWYU pragma: private
        -:   15:#include "./InternalHeaderCheck.h"
        -:   16:
        -:   17:namespace Eigen {
        -:   18:
        -:   19:/** \ingroup Jacobi_Module
        -:   20:  * \jacobi_module
        -:   21:  * \class JacobiRotation
        -:   22:  * \brief Rotation given by a cosine-sine pair.
        -:   23:  *
        -:   24:  * This class represents a Jacobi or Givens rotation.
        -:   25:  * This is a 2D rotation in the plane \c J of angle \f$ \theta \f$ defined by
        -:   26:  * its cosine \c c and sine \c s as follow:
        -:   27:  * \f$ J = \left ( \begin{array}{cc} c & \overline s \\ -s  & \overline c \end{array} \right ) \f$
        -:   28:  *
        -:   29:  * You can apply the respective counter-clockwise rotation to a column vector \c v by
        -:   30:  * applying its adjoint on the left: \f$ v = J^* v \f$ that translates to the following Eigen code:
        -:   31:  * \code
        -:   32:  * v.applyOnTheLeft(J.adjoint());
        -:   33:  * \endcode
        -:   34:  *
        -:   35:  * \sa MatrixBase::applyOnTheLeft(), MatrixBase::applyOnTheRight()
        -:   36:  */
        -:   37:template<typename Scalar> class JacobiRotation
        -:   38:{
        -:   39:  public:
        -:   40:    typedef typename NumTraits<Scalar>::Real RealScalar;
        -:   41:
        -:   42:    /** Default constructor without any initialization. */
        -:   43:    EIGEN_DEVICE_FUNC
    #####:   44:    JacobiRotation() {}
        -:   45:
        -:   46:    /** Construct a planar rotation from a cosine-sine pair (\a c, \c s). */
        -:   47:    EIGEN_DEVICE_FUNC
    #####:   48:    JacobiRotation(const Scalar& c, const Scalar& s) : m_c(c), m_s(s) {}
        -:   49:
    #####:   50:    EIGEN_DEVICE_FUNC Scalar& c() { return m_c; }
    #####:   51:    EIGEN_DEVICE_FUNC Scalar c() const { return m_c; }
    #####:   52:    EIGEN_DEVICE_FUNC Scalar& s() { return m_s; }
    #####:   53:    EIGEN_DEVICE_FUNC Scalar s() const { return m_s; }
        -:   54:
        -:   55:    /** Concatenates two planar rotation */
        -:   56:    EIGEN_DEVICE_FUNC
        -:   57:    JacobiRotation operator*(const JacobiRotation& other)
        -:   58:    {
        -:   59:      using numext::conj;
        -:   60:      return JacobiRotation(m_c * other.m_c - conj(m_s) * other.m_s,
        -:   61:                            conj(m_c * conj(other.m_s) + conj(m_s) * conj(other.m_c)));
        -:   62:    }
        -:   63:
        -:   64:    /** Returns the transposed transformation */
        -:   65:    EIGEN_DEVICE_FUNC
    #####:   66:    JacobiRotation transpose() const { using numext::conj; return JacobiRotation(m_c, -conj(m_s)); }
        -:   67:
        -:   68:    /** Returns the adjoint transformation */
        -:   69:    EIGEN_DEVICE_FUNC
        -:   70:    JacobiRotation adjoint() const { using numext::conj; return JacobiRotation(conj(m_c), -m_s); }
        -:   71:
        -:   72:    template<typename Derived>
        -:   73:    EIGEN_DEVICE_FUNC
        -:   74:    bool makeJacobi(const MatrixBase<Derived>&, Index p, Index q);
        -:   75:    EIGEN_DEVICE_FUNC
        -:   76:    bool makeJacobi(const RealScalar& x, const Scalar& y, const RealScalar& z);
        -:   77:
        -:   78:    EIGEN_DEVICE_FUNC
        -:   79:    void makeGivens(const Scalar& p, const Scalar& q, Scalar* r=0);
        -:   80:
        -:   81:  protected:
        -:   82:    EIGEN_DEVICE_FUNC
        -:   83:    void makeGivens(const Scalar& p, const Scalar& q, Scalar* r, internal::true_type);
        -:   84:    EIGEN_DEVICE_FUNC
        -:   85:    void makeGivens(const Scalar& p, const Scalar& q, Scalar* r, internal::false_type);
        -:   86:
        -:   87:    Scalar m_c, m_s;
        -:   88:};
        -:   89:
        -:   90:/** Makes \c *this as a Jacobi rotation \a J such that applying \a J on both the right and left sides of the selfadjoint 2x2 matrix
        -:   91:  * \f$ B = \left ( \begin{array}{cc} x & y \\ \overline y & z \end{array} \right )\f$ yields a diagonal matrix \f$ A = J^* B J \f$
        -:   92:  *
        -:   93:  * \sa MatrixBase::makeJacobi(const MatrixBase<Derived>&, Index, Index), MatrixBase::applyOnTheLeft(), MatrixBase::applyOnTheRight()
        -:   94:  */
        -:   95:template<typename Scalar>
        -:   96:EIGEN_DEVICE_FUNC
        -:   97:bool JacobiRotation<Scalar>::makeJacobi(const RealScalar& x, const Scalar& y, const RealScalar& z)
        -:   98:{
        -:   99:  using std::sqrt;
        -:  100:  using std::abs;
        -:  101:
        -:  102:  RealScalar deno = RealScalar(2)*abs(y);
        -:  103:  if(deno < (std::numeric_limits<RealScalar>::min)())
        -:  104:  {
        -:  105:    m_c = Scalar(1);
        -:  106:    m_s = Scalar(0);
        -:  107:    return false;
        -:  108:  }
        -:  109:  else
        -:  110:  {
        -:  111:    RealScalar tau = (x-z)/deno;
        -:  112:    RealScalar w = sqrt(numext::abs2(tau) + RealScalar(1));
        -:  113:    RealScalar t;
        -:  114:    if(tau>RealScalar(0))
        -:  115:    {
        -:  116:      t = RealScalar(1) / (tau + w);
        -:  117:    }
        -:  118:    else
        -:  119:    {
        -:  120:      t = RealScalar(1) / (tau - w);
        -:  121:    }
        -:  122:    RealScalar sign_t = t > RealScalar(0) ? RealScalar(1) : RealScalar(-1);
        -:  123:    RealScalar n = RealScalar(1) / sqrt(numext::abs2(t)+RealScalar(1));
        -:  124:    m_s = - sign_t * (numext::conj(y) / abs(y)) * abs(t) * n;
        -:  125:    m_c = n;
        -:  126:    return true;
        -:  127:  }
        -:  128:}
        -:  129:
        -:  130:/** Makes \c *this as a Jacobi rotation \c J such that applying \a J on both the right and left sides of the 2x2 selfadjoint matrix
        -:  131:  * \f$ B = \left ( \begin{array}{cc} \text{this}_{pp} & \text{this}_{pq} \\ (\text{this}_{pq})^* & \text{this}_{qq} \end{array} \right )\f$ yields
        -:  132:  * a diagonal matrix \f$ A = J^* B J \f$
        -:  133:  *
        -:  134:  * Example: \include Jacobi_makeJacobi.cpp
        -:  135:  * Output: \verbinclude Jacobi_makeJacobi.out
        -:  136:  *
        -:  137:  * \sa JacobiRotation::makeJacobi(RealScalar, Scalar, RealScalar), MatrixBase::applyOnTheLeft(), MatrixBase::applyOnTheRight()
        -:  138:  */
        -:  139:template<typename Scalar>
        -:  140:template<typename Derived>
        -:  141:EIGEN_DEVICE_FUNC
        -:  142:inline bool JacobiRotation<Scalar>::makeJacobi(const MatrixBase<Derived>& m, Index p, Index q)
        -:  143:{
        -:  144:  return makeJacobi(numext::real(m.coeff(p,p)), m.coeff(p,q), numext::real(m.coeff(q,q)));
        -:  145:}
        -:  146:
        -:  147:/** Makes \c *this as a Givens rotation \c G such that applying \f$ G^* \f$ to the left of the vector
        -:  148:  * \f$ V = \left ( \begin{array}{c} p \\ q \end{array} \right )\f$ yields:
        -:  149:  * \f$ G^* V = \left ( \begin{array}{c} r \\ 0 \end{array} \right )\f$.
        -:  150:  *
        -:  151:  * The value of \a r is returned if \a r is not null (the default is null).
        -:  152:  * Also note that G is built such that the cosine is always real.
        -:  153:  *
        -:  154:  * Example: \include Jacobi_makeGivens.cpp
        -:  155:  * Output: \verbinclude Jacobi_makeGivens.out
        -:  156:  *
        -:  157:  * This function implements the continuous Givens rotation generation algorithm
        -:  158:  * found in Anderson (2000), Discontinuous Plane Rotations and the Symmetric Eigenvalue Problem.
        -:  159:  * LAPACK Working Note 150, University of Tennessee, UT-CS-00-454, December 4, 2000.
        -:  160:  *
        -:  161:  * \sa MatrixBase::applyOnTheLeft(), MatrixBase::applyOnTheRight()
        -:  162:  */
        -:  163:template<typename Scalar>
        -:  164:EIGEN_DEVICE_FUNC
    #####:  165:void JacobiRotation<Scalar>::makeGivens(const Scalar& p, const Scalar& q, Scalar* r)
        -:  166:{
    #####:  167:  makeGivens(p, q, r, std::conditional_t<NumTraits<Scalar>::IsComplex, internal::true_type, internal::false_type>());
    #####:  168:}
        -:  169:
        -:  170:
        -:  171:// specialization for complexes
        -:  172:template<typename Scalar>
        -:  173:EIGEN_DEVICE_FUNC
        -:  174:void JacobiRotation<Scalar>::makeGivens(const Scalar& p, const Scalar& q, Scalar* r, internal::true_type)
        -:  175:{
        -:  176:  using std::sqrt;
        -:  177:  using std::abs;
        -:  178:  using numext::conj;
        -:  179:
        -:  180:  if(q==Scalar(0))
        -:  181:  {
        -:  182:    m_c = numext::real(p)<0 ? Scalar(-1) : Scalar(1);
        -:  183:    m_s = 0;
        -:  184:    if(r) *r = m_c * p;
        -:  185:  }
        -:  186:  else if(p==Scalar(0))
        -:  187:  {
        -:  188:    m_c = 0;
        -:  189:    m_s = -q/abs(q);
        -:  190:    if(r) *r = abs(q);
        -:  191:  }
        -:  192:  else
        -:  193:  {
        -:  194:    RealScalar p1 = numext::norm1(p);
        -:  195:    RealScalar q1 = numext::norm1(q);
        -:  196:    if(p1>=q1)
        -:  197:    {
        -:  198:      Scalar ps = p / p1;
        -:  199:      RealScalar p2 = numext::abs2(ps);
        -:  200:      Scalar qs = q / p1;
        -:  201:      RealScalar q2 = numext::abs2(qs);
        -:  202:
        -:  203:      RealScalar u = sqrt(RealScalar(1) + q2/p2);
        -:  204:      if(numext::real(p)<RealScalar(0))
        -:  205:        u = -u;
        -:  206:
        -:  207:      m_c = Scalar(1)/u;
        -:  208:      m_s = -qs*conj(ps)*(m_c/p2);
        -:  209:      if(r) *r = p * u;
        -:  210:    }
        -:  211:    else
        -:  212:    {
        -:  213:      Scalar ps = p / q1;
        -:  214:      RealScalar p2 = numext::abs2(ps);
        -:  215:      Scalar qs = q / q1;
        -:  216:      RealScalar q2 = numext::abs2(qs);
        -:  217:
        -:  218:      RealScalar u = q1 * sqrt(p2 + q2);
        -:  219:      if(numext::real(p)<RealScalar(0))
        -:  220:        u = -u;
        -:  221:
        -:  222:      p1 = abs(p);
        -:  223:      ps = p/p1;
        -:  224:      m_c = p1/u;
        -:  225:      m_s = -conj(ps) * (q/u);
        -:  226:      if(r) *r = ps * u;
        -:  227:    }
        -:  228:  }
        -:  229:}
        -:  230:
        -:  231:// specialization for reals
        -:  232:template<typename Scalar>
        -:  233:EIGEN_DEVICE_FUNC
    #####:  234:void JacobiRotation<Scalar>::makeGivens(const Scalar& p, const Scalar& q, Scalar* r, internal::false_type)
        -:  235:{
        -:  236:  using std::sqrt;
        -:  237:  using std::abs;
    #####:  238:  if(numext::is_exactly_zero(q))
        -:  239:  {
    #####:  240:    m_c = p<Scalar(0) ? Scalar(-1) : Scalar(1);
    #####:  241:    m_s = Scalar(0);
    #####:  242:    if(r) *r = abs(p);
    #####:  243:  }
    #####:  244:  else if(numext::is_exactly_zero(p))
        -:  245:  {
    #####:  246:    m_c = Scalar(0);
    #####:  247:    m_s = q<Scalar(0) ? Scalar(1) : Scalar(-1);
    #####:  248:    if(r) *r = abs(q);
    #####:  249:  }
    #####:  250:  else if(abs(p) > abs(q))
        -:  251:  {
    #####:  252:    Scalar t = q/p;
    #####:  253:    Scalar u = sqrt(Scalar(1) + numext::abs2(t));
    #####:  254:    if(p<Scalar(0))
    #####:  255:      u = -u;
    #####:  256:    m_c = Scalar(1)/u;
    #####:  257:    m_s = -t * m_c;
    #####:  258:    if(r) *r = p * u;
    #####:  259:  }
        -:  260:  else
        -:  261:  {
    #####:  262:    Scalar t = p/q;
    #####:  263:    Scalar u = sqrt(Scalar(1) + numext::abs2(t));
    #####:  264:    if(q<Scalar(0))
    #####:  265:      u = -u;
    #####:  266:    m_s = -Scalar(1)/u;
    #####:  267:    m_c = -t * m_s;
    #####:  268:    if(r) *r = q * u;
        -:  269:  }
        -:  270:
    #####:  271:}
        -:  272:
        -:  273:/****************************************************************************************
        -:  274:*   Implementation of MatrixBase methods
        -:  275:****************************************************************************************/
        -:  276:
        -:  277:namespace internal {
        -:  278:/** \jacobi_module
        -:  279:  * Applies the clock wise 2D rotation \a j to the set of 2D vectors of coordinates \a x and \a y:
        -:  280:  * \f$ \left ( \begin{array}{cc} x \\ y \end{array} \right )  =  J \left ( \begin{array}{cc} x \\ y \end{array} \right ) \f$
        -:  281:  *
        -:  282:  * \sa MatrixBase::applyOnTheLeft(), MatrixBase::applyOnTheRight()
        -:  283:  */
        -:  284:template<typename VectorX, typename VectorY, typename OtherScalar>
        -:  285:EIGEN_DEVICE_FUNC
        -:  286:void apply_rotation_in_the_plane(DenseBase<VectorX>& xpr_x, DenseBase<VectorY>& xpr_y, const JacobiRotation<OtherScalar>& j);
        -:  287:}
        -:  288:
        -:  289:/** \jacobi_module
        -:  290:  * Applies the rotation in the plane \a j to the rows \a p and \a q of \c *this, i.e., it computes B = J * B,
        -:  291:  * with \f$ B = \left ( \begin{array}{cc} \text{*this.row}(p) \\ \text{*this.row}(q) \end{array} \right ) \f$.
        -:  292:  *
        -:  293:  * \sa class JacobiRotation, MatrixBase::applyOnTheRight(), internal::apply_rotation_in_the_plane()
        -:  294:  */
        -:  295:template<typename Derived>
        -:  296:template<typename OtherScalar>
        -:  297:EIGEN_DEVICE_FUNC
        -:  298:inline void MatrixBase<Derived>::applyOnTheLeft(Index p, Index q, const JacobiRotation<OtherScalar>& j)
        -:  299:{
        -:  300:  RowXpr x(this->row(p));
        -:  301:  RowXpr y(this->row(q));
        -:  302:  internal::apply_rotation_in_the_plane(x, y, j);
        -:  303:}
        -:  304:
        -:  305:/** \ingroup Jacobi_Module
        -:  306:  * Applies the rotation in the plane \a j to the columns \a p and \a q of \c *this, i.e., it computes B = B * J
        -:  307:  * with \f$ B = \left ( \begin{array}{cc} \text{*this.col}(p) & \text{*this.col}(q) \end{array} \right ) \f$.
        -:  308:  *
        -:  309:  * \sa class JacobiRotation, MatrixBase::applyOnTheLeft(), internal::apply_rotation_in_the_plane()
        -:  310:  */
        -:  311:template<typename Derived>
        -:  312:template<typename OtherScalar>
        -:  313:EIGEN_DEVICE_FUNC
    #####:  314:inline void MatrixBase<Derived>::applyOnTheRight(Index p, Index q, const JacobiRotation<OtherScalar>& j)
        -:  315:{
    #####:  316:  ColXpr x(this->col(p));
    #####:  317:  ColXpr y(this->col(q));
    #####:  318:  internal::apply_rotation_in_the_plane(x, y, j.transpose());
    #####:  319:}
        -:  320:
        -:  321:namespace internal {
        -:  322:
        -:  323:template<typename Scalar, typename OtherScalar,
        -:  324:         int SizeAtCompileTime, int MinAlignment, bool Vectorizable>
        -:  325:struct apply_rotation_in_the_plane_selector
        -:  326:{
        -:  327:  static EIGEN_DEVICE_FUNC
    #####:  328:  inline void run(Scalar *x, Index incrx, Scalar *y, Index incry, Index size, OtherScalar c, OtherScalar s)
        -:  329:  {
    #####:  330:    for(Index i=0; i<size; ++i)
        -:  331:    {
    #####:  332:      Scalar xi = *x;
    #####:  333:      Scalar yi = *y;
    #####:  334:      *x =  c * xi + numext::conj(s) * yi;
    #####:  335:      *y = -s * xi + numext::conj(c) * yi;
    #####:  336:      x += incrx;
    #####:  337:      y += incry;
    #####:  338:    }
    #####:  339:  }
        -:  340:};
        -:  341:
        -:  342:template<typename Scalar, typename OtherScalar,
        -:  343:         int SizeAtCompileTime, int MinAlignment>
        -:  344:struct apply_rotation_in_the_plane_selector<Scalar,OtherScalar,SizeAtCompileTime,MinAlignment,true /* vectorizable */>
        -:  345:{
    #####:  346:  static inline void run(Scalar *x, Index incrx, Scalar *y, Index incry, Index size, OtherScalar c, OtherScalar s)
        -:  347:  {
        -:  348:    typedef typename packet_traits<Scalar>::type Packet;
        -:  349:    typedef typename packet_traits<OtherScalar>::type OtherPacket;
        -:  350:
    #####:  351:    constexpr int RequiredAlignment =
        -:  352:        (std::max)(unpacket_traits<Packet>::alignment, unpacket_traits<OtherPacket>::alignment);
    #####:  353:    constexpr Index PacketSize = packet_traits<Scalar>::size;
        -:  354:
        -:  355:    /*** dynamic-size vectorized paths ***/
    #####:  356:    if(size >= 2 * PacketSize && SizeAtCompileTime == Dynamic && ((incrx == 1 && incry == 1) || PacketSize == 1))
        -:  357:    {
        -:  358:      // both vectors are sequentially stored in memory => vectorization
    #####:  359:      constexpr Index Peeling = 2;
        -:  360:
    #####:  361:      Index alignedStart = internal::first_default_aligned(y, size);
    #####:  362:      Index alignedEnd = alignedStart + ((size-alignedStart)/PacketSize)*PacketSize;
        -:  363:
    #####:  364:      const OtherPacket pc = pset1<OtherPacket>(c);
    #####:  365:      const OtherPacket ps = pset1<OtherPacket>(s);
        -:  366:      conj_helper<OtherPacket,Packet,NumTraits<OtherScalar>::IsComplex,false> pcj;
        -:  367:      conj_helper<OtherPacket,Packet,false,false> pm;
        -:  368:
    #####:  369:      for(Index i=0; i<alignedStart; ++i)
        -:  370:      {
    #####:  371:        Scalar xi = x[i];
    #####:  372:        Scalar yi = y[i];
    #####:  373:        x[i] =  c * xi + numext::conj(s) * yi;
    #####:  374:        y[i] = -s * xi + numext::conj(c) * yi;
    #####:  375:      }
        -:  376:
    #####:  377:      Scalar* EIGEN_RESTRICT px = x + alignedStart;
    #####:  378:      Scalar* EIGEN_RESTRICT py = y + alignedStart;
        -:  379:
    #####:  380:      if(internal::first_default_aligned(x, size)==alignedStart)
        -:  381:      {
    #####:  382:        for(Index i=alignedStart; i<alignedEnd; i+=PacketSize)
        -:  383:        {
    #####:  384:          Packet xi = pload<Packet>(px);
    #####:  385:          Packet yi = pload<Packet>(py);
    #####:  386:          pstore(px, padd(pm.pmul(pc,xi),pcj.pmul(ps,yi)));
    #####:  387:          pstore(py, psub(pcj.pmul(pc,yi),pm.pmul(ps,xi)));
    #####:  388:          px += PacketSize;
    #####:  389:          py += PacketSize;
    #####:  390:        }
    #####:  391:      }
        -:  392:      else
        -:  393:      {
    #####:  394:        Index peelingEnd = alignedStart + ((size-alignedStart)/(Peeling*PacketSize))*(Peeling*PacketSize);
    #####:  395:        for(Index i=alignedStart; i<peelingEnd; i+=Peeling*PacketSize)
        -:  396:        {
    #####:  397:          Packet xi   = ploadu<Packet>(px);
    #####:  398:          Packet xi1  = ploadu<Packet>(px+PacketSize);
    #####:  399:          Packet yi   = pload <Packet>(py);
    #####:  400:          Packet yi1  = pload <Packet>(py+PacketSize);
    #####:  401:          pstoreu(px, padd(pm.pmul(pc,xi),pcj.pmul(ps,yi)));
    #####:  402:          pstoreu(px+PacketSize, padd(pm.pmul(pc,xi1),pcj.pmul(ps,yi1)));
    #####:  403:          pstore (py, psub(pcj.pmul(pc,yi),pm.pmul(ps,xi)));
    #####:  404:          pstore (py+PacketSize, psub(pcj.pmul(pc,yi1),pm.pmul(ps,xi1)));
    #####:  405:          px += Peeling*PacketSize;
    #####:  406:          py += Peeling*PacketSize;
    #####:  407:        }
    #####:  408:        if(alignedEnd!=peelingEnd)
        -:  409:        {
    #####:  410:          Packet xi = ploadu<Packet>(x+peelingEnd);
    #####:  411:          Packet yi = pload <Packet>(y+peelingEnd);
    #####:  412:          pstoreu(x+peelingEnd, padd(pm.pmul(pc,xi),pcj.pmul(ps,yi)));
    #####:  413:          pstore (y+peelingEnd, psub(pcj.pmul(pc,yi),pm.pmul(ps,xi)));
    #####:  414:        }
        -:  415:      }
        -:  416:
    #####:  417:      for(Index i=alignedEnd; i<size; ++i)
        -:  418:      {
    #####:  419:        Scalar xi = x[i];
    #####:  420:        Scalar yi = y[i];
    #####:  421:        x[i] =  c * xi + numext::conj(s) * yi;
    #####:  422:        y[i] = -s * xi + numext::conj(c) * yi;
    #####:  423:      }
    #####:  424:    }
        -:  425:
        -:  426:    /*** fixed-size vectorized path ***/
        -:  427:    else if(SizeAtCompileTime != Dynamic && MinAlignment >= RequiredAlignment)
        -:  428:    {
        -:  429:      const OtherPacket pc = pset1<OtherPacket>(c);
        -:  430:      const OtherPacket ps = pset1<OtherPacket>(s);
        -:  431:      conj_helper<OtherPacket,Packet,NumTraits<OtherScalar>::IsComplex,false> pcj;
        -:  432:      conj_helper<OtherPacket,Packet,false,false> pm;
        -:  433:      Scalar* EIGEN_RESTRICT px = x;
        -:  434:      Scalar* EIGEN_RESTRICT py = y;
        -:  435:      for(Index i=0; i<size; i+=PacketSize)
        -:  436:      {
        -:  437:        Packet xi = pload<Packet>(px);
        -:  438:        Packet yi = pload<Packet>(py);
        -:  439:        pstore(px, padd(pm.pmul(pc,xi),pcj.pmul(ps,yi)));
        -:  440:        pstore(py, psub(pcj.pmul(pc,yi),pm.pmul(ps,xi)));
        -:  441:        px += PacketSize;
        -:  442:        py += PacketSize;
        -:  443:      }
        -:  444:    }
        -:  445:
        -:  446:    /*** non-vectorized path ***/
        -:  447:    else
        -:  448:    {
    #####:  449:      apply_rotation_in_the_plane_selector<Scalar,OtherScalar,SizeAtCompileTime,MinAlignment,false>::run(x,incrx,y,incry,size,c,s);
        -:  450:    }
    #####:  451:  }
        -:  452:};
        -:  453:
        -:  454:template<typename VectorX, typename VectorY, typename OtherScalar>
        -:  455:EIGEN_DEVICE_FUNC
    #####:  456:void inline apply_rotation_in_the_plane(DenseBase<VectorX>& xpr_x, DenseBase<VectorY>& xpr_y, const JacobiRotation<OtherScalar>& j)
        -:  457:{
        -:  458:  typedef typename VectorX::Scalar Scalar;
    #####:  459:  constexpr bool Vectorizable = (int(evaluator<VectorX>::Flags) & int(evaluator<VectorY>::Flags) & PacketAccessBit) &&
        -:  460:                                (int(packet_traits<Scalar>::size) == int(packet_traits<OtherScalar>::size));
        -:  461:
    #####:  462:  eigen_assert(xpr_x.size() == xpr_y.size());
    #####:  463:  Index size = xpr_x.size();
    #####:  464:  Index incrx = xpr_x.derived().innerStride();
    #####:  465:  Index incry = xpr_y.derived().innerStride();
        -:  466:
    #####:  467:  Scalar* EIGEN_RESTRICT x = &xpr_x.derived().coeffRef(0);
    #####:  468:  Scalar* EIGEN_RESTRICT y = &xpr_y.derived().coeffRef(0);
        -:  469:
    #####:  470:  OtherScalar c = j.c();
    #####:  471:  OtherScalar s = j.s();
    #####:  472:  if (numext::is_exactly_one(c) && numext::is_exactly_zero(s))
    #####:  473:    return;
        -:  474:
    #####:  475:  constexpr int Alignment = (std::min)(int(evaluator<VectorX>::Alignment), int(evaluator<VectorY>::Alignment));
    #####:  476:  apply_rotation_in_the_plane_selector<Scalar, OtherScalar, VectorX::SizeAtCompileTime, Alignment, Vectorizable>::run(
    #####:  477:      x, incrx, y, incry, size, c, s);
    #####:  478:}
        -:  479:
        -:  480:} // end namespace internal
        -:  481:
        -:  482:} // end namespace Eigen
        -:  483:
        -:  484:#endif // EIGEN_JACOBI_H
