        -:    0:Source:/Users/csv610/Projects/Mesh/Directional/external/eigen/Eigen/src/Core/MathFunctionsImpl.h
        -:    0:Graph:./tests/CMakeFiles/vecfields_test_field_processing.dir/test_field_processing.cpp.gcno
        -:    0:Data:./tests/CMakeFiles/vecfields_test_field_processing.dir/test_field_processing.cpp.gcda
        -:    0:Runs:3
        -:    1:// This file is part of Eigen, a lightweight C++ template library
        -:    2:// for linear algebra.
        -:    3://
        -:    4:// Copyright (C) 2014 Pedro Gonnet (pedro.gonnet@gmail.com)
        -:    5:// Copyright (C) 2016 Gael Guennebaud <gael.guennebaud@inria.fr>
        -:    6://
        -:    7:// This Source Code Form is subject to the terms of the Mozilla
        -:    8:// Public License v. 2.0. If a copy of the MPL was not distributed
        -:    9:// with this file, You can obtain one at http://mozilla.org/MPL/2.0/.
        -:   10:
        -:   11:#ifndef EIGEN_MATHFUNCTIONSIMPL_H
        -:   12:#define EIGEN_MATHFUNCTIONSIMPL_H
        -:   13:
        -:   14:// IWYU pragma: private
        -:   15:#include "./InternalHeaderCheck.h"
        -:   16:
        -:   17:namespace Eigen {
        -:   18:
        -:   19:namespace internal {
        -:   20:
        -:   21:/** \internal Fast reciprocal using Newton-Raphson's method.
        -:   22:
        -:   23: Preconditions:
        -:   24:   1. The starting guess provided in approx_a_recip must have at least half
        -:   25:      the leading mantissa bits in the correct result, such that a single
        -:   26:      Newton-Raphson step is sufficient to get within 1-2 ulps of the currect
        -:   27:      result.
        -:   28:   2. If a is zero, approx_a_recip must be infinite with the same sign as a.
        -:   29:   3. If a is infinite, approx_a_recip must be zero with the same sign as a.
        -:   30:
        -:   31:   If the preconditions are satisfied, which they are for for the _*_rcp_ps
        -:   32:   instructions on x86, the result has a maximum relative error of 2 ulps,
        -:   33:   and correctly handles reciprocals of zero, infinity, and NaN.
        -:   34:*/
        -:   35:template <typename Packet, int Steps>
        -:   36:struct generic_reciprocal_newton_step {
        -:   37:  static_assert(Steps > 0, "Steps must be at least 1.");
        -:   38:  EIGEN_DEVICE_FUNC static EIGEN_STRONG_INLINE  Packet
        -:   39:  run(const Packet& a, const Packet& approx_a_recip) {
        -:   40:    using Scalar = typename unpacket_traits<Packet>::type;
        -:   41:    const Packet two = pset1<Packet>(Scalar(2));
        -:   42:    // Refine the approximation using one Newton-Raphson step:
        -:   43:    //   x_{i} = x_{i-1} * (2 - a * x_{i-1})
        -:   44:     const Packet x =
        -:   45:         generic_reciprocal_newton_step<Packet,Steps - 1>::run(a, approx_a_recip);
        -:   46:     const Packet tmp = pnmadd(a, x, two);
        -:   47:     // If tmp is NaN, it means that a is either +/-0 or +/-Inf.
        -:   48:     // In this case return the approximation directly.
        -:   49:     const Packet is_not_nan = pcmp_eq(tmp, tmp);
        -:   50:     return pselect(is_not_nan, pmul(x, tmp), x);
        -:   51:  }
        -:   52:};
        -:   53:
        -:   54:template<typename Packet>
        -:   55:struct generic_reciprocal_newton_step<Packet, 0> {
        -:   56:   EIGEN_DEVICE_FUNC static EIGEN_STRONG_INLINE Packet
        -:   57:   run(const Packet& /*unused*/, const Packet& approx_rsqrt) {
        -:   58:    return approx_rsqrt;
        -:   59:  }
        -:   60:};
        -:   61:
        -:   62:
        -:   63:/** \internal Fast reciprocal sqrt using Newton-Raphson's method.
        -:   64:
        -:   65: Preconditions:
        -:   66:   1. The starting guess provided in approx_a_recip must have at least half
        -:   67:      the leading mantissa bits in the correct result, such that a single
        -:   68:      Newton-Raphson step is sufficient to get within 1-2 ulps of the currect
        -:   69:      result.
        -:   70:   2. If a is zero, approx_a_recip must be infinite with the same sign as a.
        -:   71:   3. If a is infinite, approx_a_recip must be zero with the same sign as a.
        -:   72:
        -:   73:   If the preconditions are satisfied, which they are for for the _*_rcp_ps
        -:   74:   instructions on x86, the result has a maximum relative error of 2 ulps,
        -:   75:   and correctly handles zero, infinity, and NaN. Positive denormals are
        -:   76:   treated as zero.
        -:   77:*/
        -:   78:template <typename Packet, int Steps>
        -:   79:struct generic_rsqrt_newton_step {
        -:   80:  static_assert(Steps > 0, "Steps must be at least 1.");
        -:   81:  using Scalar = typename unpacket_traits<Packet>::type;
        -:   82:  EIGEN_DEVICE_FUNC static EIGEN_STRONG_INLINE Packet
        -:   83:  run(const Packet& a, const Packet& approx_rsqrt) {
        -:   84:    constexpr Scalar kMinusHalf = Scalar(-1)/Scalar(2);
        -:   85:    const Packet cst_minus_half = pset1<Packet>(kMinusHalf);
        -:   86:    const Packet cst_minus_one = pset1<Packet>(Scalar(-1));
        -:   87:
        -:   88:    Packet inv_sqrt = approx_rsqrt;
        -:   89:    for (int step = 0; step < Steps; ++step) {
        -:   90:      // Refine the approximation using one Newton-Raphson step:
        -:   91:      // h_n = (x * inv_sqrt) * inv_sqrt - 1 (so that h_n is nearly 0).
        -:   92:      // inv_sqrt = inv_sqrt - 0.5 * inv_sqrt * h_n
        -:   93:      Packet r2 = pmul(a, inv_sqrt);
        -:   94:      Packet half_r = pmul(inv_sqrt, cst_minus_half);
        -:   95:      Packet h_n = pmadd(r2, inv_sqrt, cst_minus_one);
        -:   96:      inv_sqrt = pmadd(half_r, h_n, inv_sqrt);
        -:   97:    }
        -:   98:
        -:   99:    // If x is NaN, then either:
        -:  100:    // 1) the input is NaN
        -:  101:    // 2) zero and infinity were multiplied
        -:  102:    // In either of these cases, return approx_rsqrt
        -:  103:    return pselect(pisnan(inv_sqrt), approx_rsqrt, inv_sqrt);
        -:  104:  }
        -:  105:};
        -:  106:
        -:  107:template<typename Packet>
        -:  108:struct generic_rsqrt_newton_step<Packet, 0> {
        -:  109:   EIGEN_DEVICE_FUNC static EIGEN_STRONG_INLINE Packet
        -:  110:   run(const Packet& /*unused*/, const Packet& approx_rsqrt) {
        -:  111:    return approx_rsqrt;
        -:  112:  }
        -:  113:};
        -:  114:
        -:  115:/** \internal Fast sqrt using Newton-Raphson's method.
        -:  116:
        -:  117: Preconditions:
        -:  118:   1. The starting guess for the reciprocal sqrt provided in approx_rsqrt must
        -:  119:      have at least half the leading mantissa bits in the correct result, such
        -:  120:      that a single Newton-Raphson step is sufficient to get within 1-2 ulps of
        -:  121:      the currect result.
        -:  122:   2. If a is zero, approx_rsqrt must be infinite.
        -:  123:   3. If a is infinite, approx_rsqrt must be zero.
        -:  124:
        -:  125:   If the preconditions are satisfied, which they are for for the _*_rsqrt_ps
        -:  126:   instructions on x86, the result has a maximum relative error of 2 ulps,
        -:  127:   and correctly handles zero and infinity, and NaN. Positive denormal inputs
        -:  128:   are treated as zero.
        -:  129:*/
        -:  130:template <typename Packet, int Steps=1>
        -:  131:struct generic_sqrt_newton_step {
        -:  132:  static_assert(Steps > 0, "Steps must be at least 1.");
        -:  133:
        -:  134:  EIGEN_DEVICE_FUNC static EIGEN_STRONG_INLINE  Packet
        -:  135:  run(const Packet& a, const Packet& approx_rsqrt) {
        -:  136:    using Scalar = typename unpacket_traits<Packet>::type;
        -:  137:    const Packet one_point_five = pset1<Packet>(Scalar(1.5));
        -:  138:    const Packet minus_half = pset1<Packet>(Scalar(-0.5));
        -:  139:    // If a is inf or zero, return a directly.
        -:  140:    const Packet inf_mask = pcmp_eq(a, pset1<Packet>(NumTraits<Scalar>::infinity()));
        -:  141:    const Packet return_a = por(pcmp_eq(a, pzero(a)), inf_mask);
        -:  142:    // Do a single step of Newton's iteration for reciprocal square root:
        -:  143:    //   x_{n+1} = x_n * (1.5 + (-0.5 * x_n) * (a * x_n))).
        -:  144:    // The Newton's step is computed this way to avoid over/under-flows.
        -:  145:    Packet rsqrt = pmul(approx_rsqrt, pmadd(pmul(minus_half, approx_rsqrt), pmul(a, approx_rsqrt), one_point_five));
        -:  146:    for (int step = 1; step < Steps; ++step) {
        -:  147:      rsqrt = pmul(rsqrt, pmadd(pmul(minus_half, rsqrt), pmul(a, rsqrt), one_point_five));
        -:  148:    }
        -:  149:
        -:  150:    // Return sqrt(x) = x * rsqrt(x) for non-zero finite positive arguments.
        -:  151:    // Return a itself for 0 or +inf, NaN for negative arguments.
        -:  152:    return pselect(return_a, a, pmul(a, rsqrt));
        -:  153:  }
        -:  154:};
        -:  155:
        -:  156:/** \internal \returns the hyperbolic tan of \a a (coeff-wise)
        -:  157:    Doesn't do anything fancy, just a 13/6-degree rational interpolant which
        -:  158:    is accurate up to a couple of ulps in the (approximate) range [-8, 8],
        -:  159:    outside of which tanh(x) = +/-1 in single precision. The input is clamped
        -:  160:    to the range [-c, c]. The value c is chosen as the smallest value where
        -:  161:    the approximation evaluates to exactly 1. In the reange [-0.0004, 0.0004]
        -:  162:    the approximation tanh(x) ~= x is used for better accuracy as x tends to zero.
        -:  163:
        -:  164:    This implementation works on both scalars and packets.
        -:  165:*/
        -:  166:template<typename T>
        -:  167:T generic_fast_tanh_float(const T& a_x)
        -:  168:{
        -:  169:  // Clamp the inputs to the range [-c, c]
        -:  170:#ifdef EIGEN_VECTORIZE_FMA
        -:  171:  const T plus_clamp = pset1<T>(7.99881172180175781f);
        -:  172:  const T minus_clamp = pset1<T>(-7.99881172180175781f);
        -:  173:#else
        -:  174:  const T plus_clamp = pset1<T>(7.90531110763549805f);
        -:  175:  const T minus_clamp = pset1<T>(-7.90531110763549805f);
        -:  176:#endif
        -:  177:  const T tiny = pset1<T>(0.0004f);
        -:  178:  const T x = pmax(pmin(a_x, plus_clamp), minus_clamp);
        -:  179:  const T tiny_mask = pcmp_lt(pabs(a_x), tiny);
        -:  180:  // The monomial coefficients of the numerator polynomial (odd).
        -:  181:  const T alpha_1 = pset1<T>(4.89352455891786e-03f);
        -:  182:  const T alpha_3 = pset1<T>(6.37261928875436e-04f);
        -:  183:  const T alpha_5 = pset1<T>(1.48572235717979e-05f);
        -:  184:  const T alpha_7 = pset1<T>(5.12229709037114e-08f);
        -:  185:  const T alpha_9 = pset1<T>(-8.60467152213735e-11f);
        -:  186:  const T alpha_11 = pset1<T>(2.00018790482477e-13f);
        -:  187:  const T alpha_13 = pset1<T>(-2.76076847742355e-16f);
        -:  188:
        -:  189:  // The monomial coefficients of the denominator polynomial (even).
        -:  190:  const T beta_0 = pset1<T>(4.89352518554385e-03f);
        -:  191:  const T beta_2 = pset1<T>(2.26843463243900e-03f);
        -:  192:  const T beta_4 = pset1<T>(1.18534705686654e-04f);
        -:  193:  const T beta_6 = pset1<T>(1.19825839466702e-06f);
        -:  194:
        -:  195:  // Since the polynomials are odd/even, we need x^2.
        -:  196:  const T x2 = pmul(x, x);
        -:  197:
        -:  198:  // Evaluate the numerator polynomial p.
        -:  199:  T p = pmadd(x2, alpha_13, alpha_11);
        -:  200:  p = pmadd(x2, p, alpha_9);
        -:  201:  p = pmadd(x2, p, alpha_7);
        -:  202:  p = pmadd(x2, p, alpha_5);
        -:  203:  p = pmadd(x2, p, alpha_3);
        -:  204:  p = pmadd(x2, p, alpha_1);
        -:  205:  p = pmul(x, p);
        -:  206:
        -:  207:  // Evaluate the denominator polynomial q.
        -:  208:  T q = pmadd(x2, beta_6, beta_4);
        -:  209:  q = pmadd(x2, q, beta_2);
        -:  210:  q = pmadd(x2, q, beta_0);
        -:  211:
        -:  212:  // Divide the numerator by the denominator.
        -:  213:  return pselect(tiny_mask, x, pdiv(p, q));
        -:  214:}
        -:  215:
        -:  216:template<typename RealScalar>
        -:  217:EIGEN_DEVICE_FUNC EIGEN_STRONG_INLINE
    #####:  218:RealScalar positive_real_hypot(const RealScalar& x, const RealScalar& y)
        -:  219:{
        -:  220:  // IEEE IEC 6059 special cases.
    #####:  221:  if ((numext::isinf)(x) || (numext::isinf)(y))
    #####:  222:    return NumTraits<RealScalar>::infinity();
    #####:  223:  if ((numext::isnan)(x) || (numext::isnan)(y))
    #####:  224:    return NumTraits<RealScalar>::quiet_NaN();
        -:  225:    
        -:  226:  EIGEN_USING_STD(sqrt);
        -:  227:  RealScalar p, qp;
    #####:  228:  p = numext::maxi(x,y);
    #####:  229:  if(numext::is_exactly_zero(p)) return RealScalar(0);
    #####:  230:  qp = numext::mini(y,x) / p;
    #####:  231:  return p * sqrt(RealScalar(1) + qp*qp);
    #####:  232:}
        -:  233:
        -:  234:template<typename Scalar>
        -:  235:struct hypot_impl
        -:  236:{
        -:  237:  typedef typename NumTraits<Scalar>::Real RealScalar;
        -:  238:  static EIGEN_DEVICE_FUNC
    #####:  239:  inline RealScalar run(const Scalar& x, const Scalar& y)
        -:  240:  {
        -:  241:    EIGEN_USING_STD(abs);
    #####:  242:    return positive_real_hypot<RealScalar>(abs(x), abs(y));
        -:  243:  }
        -:  244:};
        -:  245:
        -:  246:// Generic complex sqrt implementation that correctly handles corner cases
        -:  247:// according to https://en.cppreference.com/w/cpp/numeric/complex/sqrt
        -:  248:template<typename T>
    #####:  249:EIGEN_DEVICE_FUNC std::complex<T> complex_sqrt(const std::complex<T>& z) {
        -:  250:  // Computes the principal sqrt of the input.
        -:  251:  //
        -:  252:  // For a complex square root of the number x + i*y. We want to find real
        -:  253:  // numbers u and v such that
        -:  254:  //    (u + i*v)^2 = x + i*y  <=>
        -:  255:  //    u^2 - v^2 + i*2*u*v = x + i*v.
        -:  256:  // By equating the real and imaginary parts we get:
        -:  257:  //    u^2 - v^2 = x
        -:  258:  //    2*u*v = y.
        -:  259:  //
        -:  260:  // For x >= 0, this has the numerically stable solution
        -:  261:  //    u = sqrt(0.5 * (x + sqrt(x^2 + y^2)))
        -:  262:  //    v = y / (2 * u)
        -:  263:  // and for x < 0,
        -:  264:  //    v = sign(y) * sqrt(0.5 * (-x + sqrt(x^2 + y^2)))
        -:  265:  //    u = y / (2 * v)
        -:  266:  //
        -:  267:  // Letting w = sqrt(0.5 * (|x| + |z|)),
        -:  268:  //   if x == 0: u = w, v = sign(y) * w
        -:  269:  //   if x > 0:  u = w, v = y / (2 * w)
        -:  270:  //   if x < 0:  u = |y| / (2 * w), v = sign(y) * w
        -:  271:
    #####:  272:  const T x = numext::real(z);
    #####:  273:  const T y = numext::imag(z);
    #####:  274:  const T zero = T(0);
    #####:  275:  const T w = numext::sqrt(T(0.5) * (numext::abs(x) + numext::hypot(x, y)));
        -:  276:
    #####:  277:  return
    #####:  278:    (numext::isinf)(y) ? std::complex<T>(NumTraits<T>::infinity(), y)
    #####:  279:      : numext::is_exactly_zero(x) ? std::complex<T>(w, y < zero ? -w : w)
    #####:  280:                                   : x > zero ? std::complex<T>(w, y / (2 * w))
    #####:  281:      : std::complex<T>(numext::abs(y) / (2 * w), y < zero ? -w : w );
        -:  282:}
        -:  283:
        -:  284:// Generic complex rsqrt implementation.
        -:  285:template<typename T>
        -:  286:EIGEN_DEVICE_FUNC std::complex<T> complex_rsqrt(const std::complex<T>& z) {
        -:  287:  // Computes the principal reciprocal sqrt of the input.
        -:  288:  //
        -:  289:  // For a complex reciprocal square root of the number z = x + i*y. We want to
        -:  290:  // find real numbers u and v such that
        -:  291:  //    (u + i*v)^2 = 1 / (x + i*y)  <=>
        -:  292:  //    u^2 - v^2 + i*2*u*v = x/|z|^2 - i*v/|z|^2.
        -:  293:  // By equating the real and imaginary parts we get:
        -:  294:  //    u^2 - v^2 = x/|z|^2
        -:  295:  //    2*u*v = y/|z|^2.
        -:  296:  //
        -:  297:  // For x >= 0, this has the numerically stable solution
        -:  298:  //    u = sqrt(0.5 * (x + |z|)) / |z|
        -:  299:  //    v = -y / (2 * u * |z|)
        -:  300:  // and for x < 0,
        -:  301:  //    v = -sign(y) * sqrt(0.5 * (-x + |z|)) / |z|
        -:  302:  //    u = -y / (2 * v * |z|)
        -:  303:  //
        -:  304:  // Letting w = sqrt(0.5 * (|x| + |z|)),
        -:  305:  //   if x == 0: u = w / |z|, v = -sign(y) * w / |z|
        -:  306:  //   if x > 0:  u = w / |z|, v = -y / (2 * w * |z|)
        -:  307:  //   if x < 0:  u = |y| / (2 * w * |z|), v = -sign(y) * w / |z|
        -:  308:
        -:  309:  const T x = numext::real(z);
        -:  310:  const T y = numext::imag(z);
        -:  311:  const T zero = T(0);
        -:  312:
        -:  313:  const T abs_z = numext::hypot(x, y);
        -:  314:  const T w = numext::sqrt(T(0.5) * (numext::abs(x) + abs_z));
        -:  315:  const T woz = w / abs_z;
        -:  316:  // Corner cases consistent with 1/sqrt(z) on gcc/clang.
        -:  317:  return
        -:  318:          numext::is_exactly_zero(abs_z) ? std::complex<T>(NumTraits<T>::infinity(), NumTraits<T>::quiet_NaN())
        -:  319:                                         : ((numext::isinf)(x) || (numext::isinf)(y)) ? std::complex<T>(zero, zero)
        -:  320:      : numext::is_exactly_zero(x) ? std::complex<T>(woz, y < zero ? woz : -woz)
        -:  321:                                   : x > zero ? std::complex<T>(woz, -y / (2 * w * abs_z))
        -:  322:      : std::complex<T>(numext::abs(y) / (2 * w * abs_z), y < zero ? woz : -woz );
        -:  323:}
        -:  324:
        -:  325:template<typename T>
        -:  326:EIGEN_DEVICE_FUNC std::complex<T> complex_log(const std::complex<T>& z) {
        -:  327:  // Computes complex log.
        -:  328:  T a = numext::abs(z);
        -:  329:  EIGEN_USING_STD(atan2);
        -:  330:  T b = atan2(z.imag(), z.real());
        -:  331:  return std::complex<T>(numext::log(a), b);
        -:  332:}
        -:  333:
        -:  334:} // end namespace internal
        -:  335:
        -:  336:} // end namespace Eigen
        -:  337:
        -:  338:#endif // EIGEN_MATHFUNCTIONSIMPL_H
