        -:    0:Source:/Users/csv610/Projects/Mesh/Directional/external/eigen/Eigen/src/SparseCholesky/SimplicialCholesky_impl.h
        -:    0:Graph:./tests/CMakeFiles/vecfields_test_field_processing.dir/test_field_processing.cpp.gcno
        -:    0:Data:./tests/CMakeFiles/vecfields_test_field_processing.dir/test_field_processing.cpp.gcda
        -:    0:Runs:1
        -:    1:// This file is part of Eigen, a lightweight C++ template library
        -:    2:// for linear algebra.
        -:    3://
        -:    4:// Copyright (C) 2008-2012 Gael Guennebaud <gael.guennebaud@inria.fr>
        -:    5://
        -:    6:// This Source Code Form is subject to the terms of the Mozilla
        -:    7:// Public License v. 2.0. If a copy of the MPL was not distributed
        -:    8:// with this file, You can obtain one at http://mozilla.org/MPL/2.0/.
        -:    9:
        -:   10:/*
        -:   11:NOTE: these functions have been adapted from the LDL library:
        -:   12:
        -:   13:LDL Copyright (c) 2005 by Timothy A. Davis.  All Rights Reserved.
        -:   14:
        -:   15:The author of LDL, Timothy A. Davis., has executed a license with Google LLC
        -:   16:to permit distribution of this code and derivative works as part of Eigen under
        -:   17:the Mozilla Public License v. 2.0, as stated at the top of this file.
        -:   18: */
        -:   19:
        -:   20:#ifndef EIGEN_SIMPLICIAL_CHOLESKY_IMPL_H
        -:   21:#define EIGEN_SIMPLICIAL_CHOLESKY_IMPL_H
        -:   22:
        -:   23:// IWYU pragma: private
        -:   24:#include "./InternalHeaderCheck.h"
        -:   25:
        -:   26:namespace Eigen {
        -:   27:
        -:   28:template<typename Derived>
        1:   29:void SimplicialCholeskyBase<Derived>::analyzePattern_preordered(const CholMatrixType& ap, bool doLDLT)
        -:   30:{
        1:   31:  const StorageIndex size = StorageIndex(ap.rows());
        1:   32:  m_matrix.resize(size, size);
        1:   33:  m_parent.resize(size);
        1:   34:  m_nonZerosPerCol.resize(size);
        -:   35:
        1:   36:  ei_declare_aligned_stack_constructed_variable(StorageIndex, tags, size, 0);
        -:   37:
      120:   38:  for(StorageIndex k = 0; k < size; ++k)
        -:   39:  {
        -:   40:    /* L(k,:) pattern: all nodes reachable in etree from nz in A(0:k-1,k) */
      119:   41:    m_parent[k] = -1;             /* parent of k is not yet known */
      119:   42:    tags[k] = k;                  /* mark node k as visited */
      119:   43:    m_nonZerosPerCol[k] = 0;      /* count of nonzeros in column k of L */
      356:   44:    for(typename CholMatrixType::InnerIterator it(ap,k); it; ++it)
        -:   45:    {
      237:   46:      StorageIndex i = it.index();
      237:   47:      if(i < k)
        -:   48:      {
        -:   49:        /* follow path from i to root of etree, stop at flagged node */
      236:   50:        for(; tags[i] != k; i = m_parent[i])
        -:   51:        {
        -:   52:          /* find parent of i if not yet determined */
      118:   53:          if (m_parent[i] == -1)
      118:   54:            m_parent[i] = k;
      118:   55:          m_nonZerosPerCol[i]++;        /* L (k,i) is nonzero */
      118:   56:          tags[i] = k;                  /* mark i as visited */
      118:   57:        }
      118:   58:      }
      237:   59:    }
      119:   60:  }
        -:   61:
        -:   62:  /* construct Lp index array from m_nonZerosPerCol column counts */
        1:   63:  StorageIndex* Lp = m_matrix.outerIndexPtr();
        1:   64:  Lp[0] = 0;
      120:   65:  for(StorageIndex k = 0; k < size; ++k)
      119:   66:    Lp[k+1] = Lp[k] + m_nonZerosPerCol[k] + (doLDLT ? 0 : 1);
        -:   67:
        1:   68:  m_matrix.resizeNonZeros(Lp[size]);
        -:   69:
        1:   70:  m_isInitialized     = true;
        1:   71:  m_info              = Success;
        1:   72:  m_analysisIsOk      = true;
        1:   73:  m_factorizationIsOk = false;
        1:   74:}
        -:   75:
        -:   76:
        -:   77:template<typename Derived>
        -:   78:template<bool DoLDLT>
        1:   79:void SimplicialCholeskyBase<Derived>::factorize_preordered(const CholMatrixType& ap)
        -:   80:{
        -:   81:  using std::sqrt;
        -:   82:
        2:   83:  eigen_assert(m_analysisIsOk && "You must first call analyzePattern()");
        1:   84:  eigen_assert(ap.rows()==ap.cols());
        1:   85:  eigen_assert(m_parent.size()==ap.rows());
        1:   86:  eigen_assert(m_nonZerosPerCol.size()==ap.rows());
        -:   87:
        1:   88:  const StorageIndex size = StorageIndex(ap.rows());
        1:   89:  const StorageIndex* Lp = m_matrix.outerIndexPtr();
        1:   90:  StorageIndex* Li = m_matrix.innerIndexPtr();
        1:   91:  Scalar* Lx = m_matrix.valuePtr();
        -:   92:
        1:   93:  ei_declare_aligned_stack_constructed_variable(Scalar, y, size, 0);
        1:   94:  ei_declare_aligned_stack_constructed_variable(StorageIndex,  pattern, size, 0);
        1:   95:  ei_declare_aligned_stack_constructed_variable(StorageIndex,  tags, size, 0);
        -:   96:
        1:   97:  bool ok = true;
        1:   98:  m_diag.resize(DoLDLT ? size : 0);
        -:   99:
      120:  100:  for(StorageIndex k = 0; k < size; ++k)
        -:  101:  {
        -:  102:    // compute nonzero pattern of kth row of L, in topological order
      119:  103:    y[k] = Scalar(0);                     // Y(0:k) is now all zero
      119:  104:    StorageIndex top = size;               // stack for pattern is empty
      119:  105:    tags[k] = k;                    // mark node k as visited
      119:  106:    m_nonZerosPerCol[k] = 0;        // count of nonzeros in column k of L
      356:  107:    for(typename CholMatrixType::InnerIterator it(ap,k); it; ++it)
        -:  108:    {
      237:  109:      StorageIndex i = it.index();
      237:  110:      if(i <= k)
        -:  111:      {
      237:  112:        y[i] += numext::conj(it.value());            /* scatter A(i,k) into Y (sum duplicates) */
        -:  113:        Index len;
      355:  114:        for(len = 0; tags[i] != k; i = m_parent[i])
        -:  115:        {
      118:  116:          pattern[len++] = i;     /* L(k,i) is nonzero */
      118:  117:          tags[i] = k;            /* mark i as visited */
      118:  118:        }
      355:  119:        while(len > 0)
      118:  120:          pattern[--top] = pattern[--len];
      237:  121:      }
      237:  122:    }
        -:  123:
        -:  124:    /* compute numerical values kth row of L (a sparse triangular solve) */
        -:  125:
      119:  126:    RealScalar d = numext::real(y[k]) * m_shiftScale + m_shiftOffset;    // get D(k,k), apply the shift function, and clear Y(k)
      119:  127:    y[k] = Scalar(0);
      237:  128:    for(; top < size; ++top)
        -:  129:    {
      118:  130:      Index i = pattern[top];       /* pattern[top:n-1] is pattern of L(:,k) */
      118:  131:      Scalar yi = y[i];             /* get and clear Y(i) */
      118:  132:      y[i] = Scalar(0);
        -:  133:
        -:  134:      /* the nonzero entry L(k,i) */
      118:  135:      Scalar l_ki;
        -:  136:      if(DoLDLT)
      118:  137:        l_ki = yi / numext::real(m_diag[i]);
        -:  138:      else
        -:  139:        yi = l_ki = yi / Lx[Lp[i]];
        -:  140:
      118:  141:      Index p2 = Lp[i] + m_nonZerosPerCol[i];
        -:  142:      Index p;
      118:  143:      for(p = Lp[i] + (DoLDLT ? 0 : 1); p < p2; ++p)
    #####:  144:        y[Li[p]] -= numext::conj(Lx[p]) * yi;
      118:  145:      d -= numext::real(l_ki * numext::conj(yi));
      118:  146:      Li[p] = k;                          /* store L(k,i) in column form of L */
      118:  147:      Lx[p] = l_ki;
      118:  148:      ++m_nonZerosPerCol[i];              /* increment count of nonzeros in col i */
      118:  149:    }
        -:  150:    if(DoLDLT)
        -:  151:    {
      119:  152:      m_diag[k] = d;
      119:  153:      if(d == RealScalar(0))
        -:  154:      {
    #####:  155:        ok = false;                         /* failure, D(k,k) is zero */
    #####:  156:        break;
        -:  157:      }
        -:  158:    }
        -:  159:    else
        -:  160:    {
        -:  161:      Index p = Lp[k] + m_nonZerosPerCol[k]++;
        -:  162:      Li[p] = k ;                /* store L(k,k) = sqrt (d) in column k */
        -:  163:      if(d <= RealScalar(0)) {
        -:  164:        ok = false;              /* failure, matrix is not positive definite */
        -:  165:        break;
        -:  166:      }
        -:  167:      Lx[p] = sqrt(d) ;
        -:  168:    }
      119:  169:  }
        -:  170:
        1:  171:  m_info = ok ? Success : NumericalIssue;
        1:  172:  m_factorizationIsOk = true;
        1:  173:}
        -:  174:
        -:  175:} // end namespace Eigen
        -:  176:
        -:  177:#endif // EIGEN_SIMPLICIAL_CHOLESKY_IMPL_H
