        -:    0:Source:/Users/csv610/Projects/Mesh/Directional/tests/test_mesh_io.cpp
        -:    0:Graph:tests/CMakeFiles/vecfields_test_mesh_io.dir/test_mesh_io.cpp.gcno
        -:    0:Data:tests/CMakeFiles/vecfields_test_mesh_io.dir/test_mesh_io.cpp.gcda
        -:    0:Runs:4
        -:    1:#include <gtest/gtest.h>
        -:    2:#include <directional/TriMesh.h>
        -:    3:#include <directional/readOBJ.h>
        -:    4:#include <directional/readOFF.h>
        -:    5:
       16:    6:TEST(MeshIOTest, ReadOBJ) {
        4:    7:    directional::TriMesh mesh;
        -:    8:    // Using absolute path for consistency across environments
        4:    9:    std::string test_mesh = "/Users/csv610/Projects/Mesh/Directional/tutorial/data/loop.obj";
        4:   10:    bool success = directional::readOBJ(test_mesh, mesh);
        -:   11:    
        4:   12:    EXPECT_TRUE(success);
        4:   13:    EXPECT_GT(mesh.V.rows(), 0);
        4:   14:    EXPECT_GT(mesh.F.rows(), 0);
        4:   15:}
        -:   16:
       16:   17:TEST(MeshIOTest, ReadOFF) {
        4:   18:    directional::TriMesh mesh;
        4:   19:    std::string test_mesh = "/Users/csv610/Projects/Mesh/Directional/tutorial/data/rocker-arm1250.off";
        4:   20:    bool success = directional::readOFF(test_mesh, mesh);
        -:   21:    
        4:   22:    EXPECT_TRUE(success);
        4:   23:    EXPECT_GT(mesh.V.rows(), 0);
        4:   24:    EXPECT_GT(mesh.F.rows(), 0);
        4:   25:}
