        -:    0:Source:/Applications/Xcode.app/Contents/Developer/Platforms/MacOSX.platform/Developer/SDKs/MacOSX.sdk/usr/include/c++/v1/unordered_map
        -:    0:Graph:tests/CMakeFiles/vecfields_test_mesh_io.dir/test_mesh_io.cpp.gcno
        -:    0:Data:tests/CMakeFiles/vecfields_test_mesh_io.dir/test_mesh_io.cpp.gcda
        -:    0:Runs:4
        -:    1:// -*- C++ -*-
        -:    2://===----------------------------------------------------------------------===//
        -:    3://
        -:    4:// Part of the LLVM Project, under the Apache License v2.0 with LLVM Exceptions.
        -:    5:// See https://llvm.org/LICENSE.txt for license information.
        -:    6:// SPDX-License-Identifier: Apache-2.0 WITH LLVM-exception
        -:    7://
        -:    8://===----------------------------------------------------------------------===//
        -:    9:
        -:   10:#ifndef _LIBCPP_UNORDERED_MAP
        -:   11:#define _LIBCPP_UNORDERED_MAP
        -:   12:
        -:   13:/*
        -:   14:
        -:   15:    unordered_map synopsis
        -:   16:
        -:   17:#include <initializer_list>
        -:   18:
        -:   19:namespace std
        -:   20:{
        -:   21:
        -:   22:template <class Key, class T, class Hash = hash<Key>, class Pred = equal_to<Key>,
        -:   23:          class Alloc = allocator<pair<const Key, T>>>
        -:   24:class unordered_map
        -:   25:{
        -:   26:public:
        -:   27:    // types
        -:   28:    typedef Key                                                        key_type;
        -:   29:    typedef T                                                          mapped_type;
        -:   30:    typedef Hash                                                       hasher;
        -:   31:    typedef Pred                                                       key_equal;
        -:   32:    typedef Alloc                                                      allocator_type;
        -:   33:    typedef pair<const key_type, mapped_type>                          value_type;
        -:   34:    typedef value_type&                                                reference;
        -:   35:    typedef const value_type&                                          const_reference;
        -:   36:    typedef typename allocator_traits<allocator_type>::pointer         pointer;
        -:   37:    typedef typename allocator_traits<allocator_type>::const_pointer   const_pointer;
        -:   38:    typedef typename allocator_traits<allocator_type>::size_type       size_type;
        -:   39:    typedef typename allocator_traits<allocator_type>::difference_type difference_type;
        -:   40:
        -:   41:    typedef /unspecified/ iterator;
        -:   42:    typedef /unspecified/ const_iterator;
        -:   43:    typedef /unspecified/ local_iterator;
        -:   44:    typedef /unspecified/ const_local_iterator;
        -:   45:
        -:   46:    typedef unspecified                             node_type;            // C++17
        -:   47:    typedef INSERT_RETURN_TYPE<iterator, node_type> insert_return_type;   // C++17
        -:   48:
        -:   49:    unordered_map()
        -:   50:        noexcept(
        -:   51:            is_nothrow_default_constructible<hasher>::value &&
        -:   52:            is_nothrow_default_constructible<key_equal>::value &&
        -:   53:            is_nothrow_default_constructible<allocator_type>::value);
        -:   54:    explicit unordered_map(size_type n, const hasher& hf = hasher(),
        -:   55:                           const key_equal& eql = key_equal(),
        -:   56:                           const allocator_type& a = allocator_type());
        -:   57:    template <class InputIterator>
        -:   58:        unordered_map(InputIterator f, InputIterator l,
        -:   59:                      size_type n = 0, const hasher& hf = hasher(),
        -:   60:                      const key_equal& eql = key_equal(),
        -:   61:                      const allocator_type& a = allocator_type());
        -:   62:    template<container-compatible-range<value_type> R>
        -:   63:      unordered_map(from_range_t, R&& rg, size_type n = see below,
        -:   64:        const hasher& hf = hasher(), const key_equal& eql = key_equal(),
        -:   65:        const allocator_type& a = allocator_type()); // C++23
        -:   66:
        -:   67:    explicit unordered_map(const allocator_type&);
        -:   68:    unordered_map(const unordered_map&);
        -:   69:    unordered_map(const unordered_map&, const Allocator&);
        -:   70:    unordered_map(unordered_map&&)
        -:   71:        noexcept(
        -:   72:            is_nothrow_move_constructible<hasher>::value &&
        -:   73:            is_nothrow_move_constructible<key_equal>::value &&
        -:   74:            is_nothrow_move_constructible<allocator_type>::value);
        -:   75:    unordered_map(unordered_map&&, const Allocator&);
        -:   76:    unordered_map(initializer_list<value_type>, size_type n = 0,
        -:   77:                  const hasher& hf = hasher(), const key_equal& eql = key_equal(),
        -:   78:                  const allocator_type& a = allocator_type());
        -:   79:    unordered_map(size_type n, const allocator_type& a)
        -:   80:      : unordered_map(n, hasher(), key_equal(), a) {}  // C++14
        -:   81:    unordered_map(size_type n, const hasher& hf, const allocator_type& a)
        -:   82:      : unordered_map(n, hf, key_equal(), a) {}  // C++14
        -:   83:    template <class InputIterator>
        -:   84:      unordered_map(InputIterator f, InputIterator l, size_type n, const allocator_type& a)
        -:   85:      : unordered_map(f, l, n, hasher(), key_equal(), a) {}  // C++14
        -:   86:    template <class InputIterator>
        -:   87:      unordered_map(InputIterator f, InputIterator l, size_type n, const hasher& hf,
        -:   88:        const allocator_type& a)
        -:   89:      : unordered_map(f, l, n, hf, key_equal(), a) {}  // C++14
        -:   90:    template<container-compatible-range<value_type> R>
        -:   91:      unordered_map(from_range_t, R&& rg, size_type n, const allocator_type& a)
        -:   92:        : unordered_map(from_range, std::forward<R>(rg), n, hasher(), key_equal(), a) { } // C++23
        -:   93:    template<container-compatible-range<value_type> R>
        -:   94:      unordered_map(from_range_t, R&& rg, size_type n, const hasher& hf, const allocator_type& a)
        -:   95:        : unordered_map(from_range, std::forward<R>(rg), n, hf, key_equal(), a) { }       // C++23
        -:   96:    unordered_map(initializer_list<value_type> il, size_type n, const allocator_type& a)
        -:   97:      : unordered_map(il, n, hasher(), key_equal(), a) {}  // C++14
        -:   98:    unordered_map(initializer_list<value_type> il, size_type n, const hasher& hf,
        -:   99:      const allocator_type& a)
        -:  100:      : unordered_map(il, n, hf, key_equal(), a) {}  // C++14
        -:  101:    ~unordered_map();
        -:  102:    unordered_map& operator=(const unordered_map&);
        -:  103:    unordered_map& operator=(unordered_map&&)
        -:  104:        noexcept(
        -:  105:            allocator_type::propagate_on_container_move_assignment::value &&
        -:  106:            is_nothrow_move_assignable<allocator_type>::value &&
        -:  107:            is_nothrow_move_assignable<hasher>::value &&
        -:  108:            is_nothrow_move_assignable<key_equal>::value);
        -:  109:    unordered_map& operator=(initializer_list<value_type>);
        -:  110:
        -:  111:    allocator_type get_allocator() const noexcept;
        -:  112:
        -:  113:    bool      empty() const noexcept;
        -:  114:    size_type size() const noexcept;
        -:  115:    size_type max_size() const noexcept;
        -:  116:
        -:  117:    iterator       begin() noexcept;
        -:  118:    iterator       end() noexcept;
        -:  119:    const_iterator begin()  const noexcept;
        -:  120:    const_iterator end()    const noexcept;
        -:  121:    const_iterator cbegin() const noexcept;
        -:  122:    const_iterator cend()   const noexcept;
        -:  123:
        -:  124:    template <class... Args>
        -:  125:        pair<iterator, bool> emplace(Args&&... args);
        -:  126:    template <class... Args>
        -:  127:        iterator emplace_hint(const_iterator position, Args&&... args);
        -:  128:    pair<iterator, bool> insert(const value_type& obj);
        -:  129:    template <class P>
        -:  130:        pair<iterator, bool> insert(P&& obj);
        -:  131:    iterator insert(const_iterator hint, const value_type& obj);
        -:  132:    template <class P>
        -:  133:        iterator insert(const_iterator hint, P&& obj);
        -:  134:    template <class InputIterator>
        -:  135:        void insert(InputIterator first, InputIterator last);
        -:  136:    template<container-compatible-range<value_type> R>
        -:  137:      void insert_range(R&& rg);                                                      // C++23
        -:  138:    void insert(initializer_list<value_type>);
        -:  139:
        -:  140:    node_type extract(const_iterator position);                                       // C++17
        -:  141:    node_type extract(const key_type& x);                                             // C++17
        -:  142:    insert_return_type insert(node_type&& nh);                                        // C++17
        -:  143:    iterator           insert(const_iterator hint, node_type&& nh);                   // C++17
        -:  144:
        -:  145:    template <class... Args>
        -:  146:        pair<iterator, bool> try_emplace(const key_type& k, Args&&... args);          // C++17
        -:  147:    template <class... Args>
        -:  148:        pair<iterator, bool> try_emplace(key_type&& k, Args&&... args);               // C++17
        -:  149:    template <class... Args>
        -:  150:        iterator try_emplace(const_iterator hint, const key_type& k, Args&&... args); // C++17
        -:  151:    template <class... Args>
        -:  152:        iterator try_emplace(const_iterator hint, key_type&& k, Args&&... args);      // C++17
        -:  153:    template <class M>
        -:  154:        pair<iterator, bool> insert_or_assign(const key_type& k, M&& obj);            // C++17
        -:  155:    template <class M>
        -:  156:        pair<iterator, bool> insert_or_assign(key_type&& k, M&& obj);                 // C++17
        -:  157:    template <class M>
        -:  158:        iterator insert_or_assign(const_iterator hint, const key_type& k, M&& obj);   // C++17
        -:  159:    template <class M>
        -:  160:        iterator insert_or_assign(const_iterator hint, key_type&& k, M&& obj);        // C++17
        -:  161:
        -:  162:    iterator erase(const_iterator position);
        -:  163:    iterator erase(iterator position);  // C++14
        -:  164:    size_type erase(const key_type& k);
        -:  165:    iterator erase(const_iterator first, const_iterator last);
        -:  166:    void clear() noexcept;
        -:  167:
        -:  168:    template<class H2, class P2>
        -:  169:      void merge(unordered_map<Key, T, H2, P2, Allocator>& source);         // C++17
        -:  170:    template<class H2, class P2>
        -:  171:      void merge(unordered_map<Key, T, H2, P2, Allocator>&& source);        // C++17
        -:  172:    template<class H2, class P2>
        -:  173:      void merge(unordered_multimap<Key, T, H2, P2, Allocator>& source);    // C++17
        -:  174:    template<class H2, class P2>
        -:  175:      void merge(unordered_multimap<Key, T, H2, P2, Allocator>&& source);   // C++17
        -:  176:
        -:  177:    void swap(unordered_map&)
        -:  178:        noexcept(
        -:  179:            (!allocator_type::propagate_on_container_swap::value ||
        -:  180:             __is_nothrow_swappable<allocator_type>::value) &&
        -:  181:            __is_nothrow_swappable<hasher>::value &&
        -:  182:            __is_nothrow_swappable<key_equal>::value);
        -:  183:
        -:  184:    hasher hash_function() const;
        -:  185:    key_equal key_eq() const;
        -:  186:
        -:  187:    iterator       find(const key_type& k);
        -:  188:    const_iterator find(const key_type& k) const;
        -:  189:    template<typename K>
        -:  190:        iterator find(const K& x);              // C++20
        -:  191:    template<typename K>
        -:  192:        const_iterator find(const K& x) const;  // C++20
        -:  193:    size_type count(const key_type& k) const;
        -:  194:    template<typename K>
        -:  195:        size_type count(const K& k) const; // C++20
        -:  196:    bool contains(const key_type& k) const; // C++20
        -:  197:    template<typename K>
        -:  198:        bool contains(const K& k) const; // C++20
        -:  199:    pair<iterator, iterator>             equal_range(const key_type& k);
        -:  200:    pair<const_iterator, const_iterator> equal_range(const key_type& k) const;
        -:  201:    template<typename K>
        -:  202:        pair<iterator, iterator>             equal_range(const K& k); // C++20
        -:  203:    template<typename K>
        -:  204:        pair<const_iterator, const_iterator> equal_range(const K& k) const; // C++20
        -:  205:
        -:  206:    mapped_type& operator[](const key_type& k);
        -:  207:    mapped_type& operator[](key_type&& k);
        -:  208:
        -:  209:    mapped_type&       at(const key_type& k);
        -:  210:    const mapped_type& at(const key_type& k) const;
        -:  211:
        -:  212:    size_type bucket_count() const noexcept;
        -:  213:    size_type max_bucket_count() const noexcept;
        -:  214:
        -:  215:    size_type bucket_size(size_type n) const;
        -:  216:    size_type bucket(const key_type& k) const;
        -:  217:
        -:  218:    local_iterator       begin(size_type n);
        -:  219:    local_iterator       end(size_type n);
        -:  220:    const_local_iterator begin(size_type n) const;
        -:  221:    const_local_iterator end(size_type n) const;
        -:  222:    const_local_iterator cbegin(size_type n) const;
        -:  223:    const_local_iterator cend(size_type n) const;
        -:  224:
        -:  225:    float load_factor() const noexcept;
        -:  226:    float max_load_factor() const noexcept;
        -:  227:    void max_load_factor(float z);
        -:  228:    void rehash(size_type n);
        -:  229:    void reserve(size_type n);
        -:  230:};
        -:  231:
        -:  232:template<class InputIterator,
        -:  233:    class Hash = hash<iter_key_t<InputIterator>>, class Pred = equal_to<iter_key_t<InputIterator>>,
        -:  234:    class Allocator = allocator<iter_to_alloc_t<InputIterator>>>
        -:  235:unordered_map(InputIterator, InputIterator, typename see below::size_type = see below,
        -:  236:    Hash = Hash(), Pred = Pred(), Allocator = Allocator())
        -:  237:  -> unordered_map<iter_key_t<InputIterator>, iter_value_t<InputIterator>, Hash, Pred,
        -:  238:    Allocator>; // C++17
        -:  239:
        -:  240:template<ranges::input_range R, class Hash = hash<range-key-type<R>>,
        -:  241:         class Pred = equal_to<range-key-type<R>>,
        -:  242:         class Allocator = allocator<range-to-alloc-type<R>>>
        -:  243:  unordered_map(from_range_t, R&&, typename see below::size_type = see below,
        -:  244:                Hash = Hash(), Pred = Pred(), Allocator = Allocator())
        -:  245:    -> unordered_map<range-key-type<R>, range-mapped-type<R>, Hash, Pred, Allocator>; // C++23
        -:  246:
        -:  247:template<class Key, class T, class Hash = hash<Key>,
        -:  248:    class Pred = equal_to<Key>, class Allocator = allocator<pair<const Key, T>>>
        -:  249:unordered_map(initializer_list<pair<const Key, T>>, typename see below::size_type = see below,
        -:  250:    Hash = Hash(), Pred = Pred(), Allocator = Allocator())
        -:  251:  -> unordered_map<Key, T, Hash, Pred, Allocator>; // C++17
        -:  252:
        -:  253:template<class InputIterator, class Allocator>
        -:  254:unordered_map(InputIterator, InputIterator, typename see below::size_type, Allocator)
        -:  255:  -> unordered_map<iter_key_t<InputIterator>, iter_val_t<InputIterator>,
        -:  256:        hash<iter_key_t<InputIterator>>, equal_to<iter_key_t<InputIterator>>, Allocator>; // C++17
        -:  257:
        -:  258:template<class InputIterator, class Allocator>
        -:  259:unordered_map(InputIterator, InputIterator, Allocator)
        -:  260:  -> unordered_map<iter_key_t<InputIterator>, iter_val_t<InputIterator>,
        -:  261:        hash<iter_key_t<InputIterator>>, equal_to<iter_key_t<InputIterator>>, Allocator>; // C++17
        -:  262:
        -:  263:template<class InputIterator, class Hash, class Allocator>
        -:  264:unordered_map(InputIterator, InputIterator, typename see below::size_type, Hash, Allocator)
        -:  265:  -> unordered_map<iter_key_t<InputIterator>, iter_val_t<InputIterator>, Hash,
        -:  266:          equal_to<iter_key_t<InputIterator>>, Allocator>; // C++17
        -:  267:
        -:  268:template<ranges::input_range R, class Allocator>
        -:  269:  unordered_map(from_range_t, R&&, typename see below::size_type, Allocator)
        -:  270:    -> unordered_map<range-key-type<R>, range-mapped-type<R>, hash<range-key-type<R>>,
        -:  271:                      equal_to<range-key-type<R>>, Allocator>;   // C++23
        -:  272:
        -:  273:template<ranges::input_range R, class Allocator>
        -:  274:  unordered_map(from_range_t, R&&, Allocator)
        -:  275:    -> unordered_map<range-key-type<R>, range-mapped-type<R>, hash<range-key-type<R>>,
        -:  276:                      equal_to<range-key-type<R>>, Allocator>;   // C++23
        -:  277:
        -:  278:template<ranges::input_range R, class Hash, class Allocator>
        -:  279:  unordered_map(from_range_t, R&&, typename see below::size_type, Hash, Allocator)
        -:  280:    -> unordered_map<range-key-type<R>, range-mapped-type<R>, Hash,
        -:  281:                      equal_to<range-key-type<R>>, Allocator>;   // C++23
        -:  282:
        -:  283:template<class Key, class T, typename Allocator>
        -:  284:unordered_map(initializer_list<pair<const Key, T>>, typename see below::size_type, Allocator)
        -:  285:  -> unordered_map<Key, T, hash<Key>, equal_to<Key>, Allocator>; // C++17
        -:  286:
        -:  287:template<class Key, class T, typename Allocator>
        -:  288:unordered_map(initializer_list<pair<const Key, T>>, Allocator)
        -:  289:  -> unordered_map<Key, T, hash<Key>, equal_to<Key>, Allocator>; // C++17
        -:  290:
        -:  291:template<class Key, class T, class Hash, class Allocator>
        -:  292:unordered_map(initializer_list<pair<const Key, T>>, typename see below::size_type, Hash, Allocator)
        -:  293:  -> unordered_map<Key, T, Hash, equal_to<Key>, Allocator>; // C++17
        -:  294:
        -:  295:template <class Key, class T, class Hash, class Pred, class Alloc>
        -:  296:    void swap(unordered_map<Key, T, Hash, Pred, Alloc>& x,
        -:  297:              unordered_map<Key, T, Hash, Pred, Alloc>& y)
        -:  298:              noexcept(noexcept(x.swap(y)));
        -:  299:
        -:  300:template <class Key, class T, class Hash, class Pred, class Alloc>
        -:  301:    bool
        -:  302:    operator==(const unordered_map<Key, T, Hash, Pred, Alloc>& x,
        -:  303:               const unordered_map<Key, T, Hash, Pred, Alloc>& y);
        -:  304:
        -:  305:template <class Key, class T, class Hash, class Pred, class Alloc>
        -:  306:    bool
        -:  307:    operator!=(const unordered_map<Key, T, Hash, Pred, Alloc>& x,
        -:  308:               const unordered_map<Key, T, Hash, Pred, Alloc>& y); // Removed in C++20
        -:  309:
        -:  310:template <class Key, class T, class Hash = hash<Key>, class Pred = equal_to<Key>,
        -:  311:          class Alloc = allocator<pair<const Key, T>>>
        -:  312:class unordered_multimap
        -:  313:{
        -:  314:public:
        -:  315:    // types
        -:  316:    typedef Key                                                        key_type;
        -:  317:    typedef T                                                          mapped_type;
        -:  318:    typedef Hash                                                       hasher;
        -:  319:    typedef Pred                                                       key_equal;
        -:  320:    typedef Alloc                                                      allocator_type;
        -:  321:    typedef pair<const key_type, mapped_type>                          value_type;
        -:  322:    typedef value_type&                                                reference;
        -:  323:    typedef const value_type&                                          const_reference;
        -:  324:    typedef typename allocator_traits<allocator_type>::pointer         pointer;
        -:  325:    typedef typename allocator_traits<allocator_type>::const_pointer   const_pointer;
        -:  326:    typedef typename allocator_traits<allocator_type>::size_type       size_type;
        -:  327:    typedef typename allocator_traits<allocator_type>::difference_type difference_type;
        -:  328:
        -:  329:    typedef /unspecified/ iterator;
        -:  330:    typedef /unspecified/ const_iterator;
        -:  331:    typedef /unspecified/ local_iterator;
        -:  332:    typedef /unspecified/ const_local_iterator;
        -:  333:
        -:  334:    typedef unspecified node_type;    // C++17
        -:  335:
        -:  336:    unordered_multimap()
        -:  337:        noexcept(
        -:  338:            is_nothrow_default_constructible<hasher>::value &&
        -:  339:            is_nothrow_default_constructible<key_equal>::value &&
        -:  340:            is_nothrow_default_constructible<allocator_type>::value);
        -:  341:    explicit unordered_multimap(size_type n, const hasher& hf = hasher(),
        -:  342:                           const key_equal& eql = key_equal(),
        -:  343:                           const allocator_type& a = allocator_type());
        -:  344:    template <class InputIterator>
        -:  345:        unordered_multimap(InputIterator f, InputIterator l,
        -:  346:                      size_type n = 0, const hasher& hf = hasher(),
        -:  347:                      const key_equal& eql = key_equal(),
        -:  348:                      const allocator_type& a = allocator_type());
        -:  349:    template<container-compatible-range<value_type> R>
        -:  350:      unordered_multimap(from_range_t, R&& rg, size_type n = see below,
        -:  351:        const hasher& hf = hasher(), const key_equal& eql = key_equal(),
        -:  352:        const allocator_type& a = allocator_type()); // C++23
        -:  353:    explicit unordered_multimap(const allocator_type&);
        -:  354:    unordered_multimap(const unordered_multimap&);
        -:  355:    unordered_multimap(const unordered_multimap&, const Allocator&);
        -:  356:    unordered_multimap(unordered_multimap&&)
        -:  357:        noexcept(
        -:  358:            is_nothrow_move_constructible<hasher>::value &&
        -:  359:            is_nothrow_move_constructible<key_equal>::value &&
        -:  360:            is_nothrow_move_constructible<allocator_type>::value);
        -:  361:    unordered_multimap(unordered_multimap&&, const Allocator&);
        -:  362:    unordered_multimap(initializer_list<value_type>, size_type n = 0,
        -:  363:                  const hasher& hf = hasher(), const key_equal& eql = key_equal(),
        -:  364:                  const allocator_type& a = allocator_type());
        -:  365:    unordered_multimap(size_type n, const allocator_type& a)
        -:  366:      : unordered_multimap(n, hasher(), key_equal(), a) {}  // C++14
        -:  367:    unordered_multimap(size_type n, const hasher& hf, const allocator_type& a)
        -:  368:      : unordered_multimap(n, hf, key_equal(), a) {}  // C++14
        -:  369:    template <class InputIterator>
        -:  370:      unordered_multimap(InputIterator f, InputIterator l, size_type n, const allocator_type& a)
        -:  371:      : unordered_multimap(f, l, n, hasher(), key_equal(), a) {}  // C++14
        -:  372:    template <class InputIterator>
        -:  373:      unordered_multimap(InputIterator f, InputIterator l, size_type n, const hasher& hf,
        -:  374:        const allocator_type& a)
        -:  375:      : unordered_multimap(f, l, n, hf, key_equal(), a) {}  // C++14
        -:  376:    template<container-compatible-range<value_type> R>
        -:  377:      unordered_multimap(from_range_t, R&& rg, size_type n, const allocator_type& a)
        -:  378:        : unordered_multimap(from_range, std::forward<R>(rg), n, hasher(), key_equal(), a) { } // C++23
        -:  379:    template<container-compatible-range<value_type> R>
        -:  380:      unordered_multimap(from_range_t, R&& rg, size_type n, const hasher& hf, const allocator_type& a)
        -:  381:        : unordered_multimap(from_range, std::forward<R>(rg), n, hf, key_equal(), a) { }       // C++23
        -:  382:    unordered_multimap(initializer_list<value_type> il, size_type n, const allocator_type& a)
        -:  383:      : unordered_multimap(il, n, hasher(), key_equal(), a) {}  // C++14
        -:  384:    unordered_multimap(initializer_list<value_type> il, size_type n, const hasher& hf,
        -:  385:      const allocator_type& a)
        -:  386:      : unordered_multimap(il, n, hf, key_equal(), a) {}  // C++14
        -:  387:    ~unordered_multimap();
        -:  388:    unordered_multimap& operator=(const unordered_multimap&);
        -:  389:    unordered_multimap& operator=(unordered_multimap&&)
        -:  390:        noexcept(
        -:  391:            allocator_type::propagate_on_container_move_assignment::value &&
        -:  392:            is_nothrow_move_assignable<allocator_type>::value &&
        -:  393:            is_nothrow_move_assignable<hasher>::value &&
        -:  394:            is_nothrow_move_assignable<key_equal>::value);
        -:  395:    unordered_multimap& operator=(initializer_list<value_type>);
        -:  396:
        -:  397:    allocator_type get_allocator() const noexcept;
        -:  398:
        -:  399:    bool      empty() const noexcept;
        -:  400:    size_type size() const noexcept;
        -:  401:    size_type max_size() const noexcept;
        -:  402:
        -:  403:    iterator       begin() noexcept;
        -:  404:    iterator       end() noexcept;
        -:  405:    const_iterator begin()  const noexcept;
        -:  406:    const_iterator end()    const noexcept;
        -:  407:    const_iterator cbegin() const noexcept;
        -:  408:    const_iterator cend()   const noexcept;
        -:  409:
        -:  410:    template <class... Args>
        -:  411:        iterator emplace(Args&&... args);
        -:  412:    template <class... Args>
        -:  413:        iterator emplace_hint(const_iterator position, Args&&... args);
        -:  414:    iterator insert(const value_type& obj);
        -:  415:    template <class P>
        -:  416:        iterator insert(P&& obj);
        -:  417:    iterator insert(const_iterator hint, const value_type& obj);
        -:  418:    template <class P>
        -:  419:        iterator insert(const_iterator hint, P&& obj);
        -:  420:    template <class InputIterator>
        -:  421:        void insert(InputIterator first, InputIterator last);
        -:  422:    template<container-compatible-range<value_type> R>
        -:  423:      void insert_range(R&& rg);                               // C++23
        -:  424:    void insert(initializer_list<value_type>);
        -:  425:
        -:  426:    node_type extract(const_iterator position);                // C++17
        -:  427:    node_type extract(const key_type& x);                      // C++17
        -:  428:    iterator insert(node_type&& nh);                           // C++17
        -:  429:    iterator insert(const_iterator hint, node_type&& nh);      // C++17
        -:  430:
        -:  431:    iterator erase(const_iterator position);
        -:  432:    iterator erase(iterator position);  // C++14
        -:  433:    size_type erase(const key_type& k);
        -:  434:    iterator erase(const_iterator first, const_iterator last);
        -:  435:    void clear() noexcept;
        -:  436:
        -:  437:    template<class H2, class P2>
        -:  438:      void merge(unordered_multimap<Key, T, H2, P2, Allocator>& source);    // C++17
        -:  439:    template<class H2, class P2>
        -:  440:      void merge(unordered_multimap<Key, T, H2, P2, Allocator>&& source);   // C++17
        -:  441:    template<class H2, class P2>
        -:  442:      void merge(unordered_map<Key, T, H2, P2, Allocator>& source);         // C++17
        -:  443:    template<class H2, class P2>
        -:  444:      void merge(unordered_map<Key, T, H2, P2, Allocator>&& source);        // C++17
        -:  445:
        -:  446:    void swap(unordered_multimap&)
        -:  447:        noexcept(
        -:  448:            (!allocator_type::propagate_on_container_swap::value ||
        -:  449:             __is_nothrow_swappable<allocator_type>::value) &&
        -:  450:            __is_nothrow_swappable<hasher>::value &&
        -:  451:            __is_nothrow_swappable<key_equal>::value);
        -:  452:
        -:  453:    hasher hash_function() const;
        -:  454:    key_equal key_eq() const;
        -:  455:
        -:  456:    iterator       find(const key_type& k);
        -:  457:    const_iterator find(const key_type& k) const;
        -:  458:    template<typename K>
        -:  459:        iterator find(const K& x);              // C++20
        -:  460:    template<typename K>
        -:  461:        const_iterator find(const K& x) const;  // C++20
        -:  462:    size_type count(const key_type& k) const;
        -:  463:    template<typename K>
        -:  464:        size_type count(const K& k) const; // C++20
        -:  465:    bool contains(const key_type& k) const; // C++20
        -:  466:    template<typename K>
        -:  467:        bool contains(const K& k) const; // C++20
        -:  468:    pair<iterator, iterator>             equal_range(const key_type& k);
        -:  469:    pair<const_iterator, const_iterator> equal_range(const key_type& k) const;
        -:  470:    template<typename K>
        -:  471:        pair<iterator, iterator>             equal_range(const K& k); // C++20
        -:  472:    template<typename K>
        -:  473:        pair<const_iterator, const_iterator> equal_range(const K& k) const; // C++20
        -:  474:
        -:  475:    size_type bucket_count() const noexcept;
        -:  476:    size_type max_bucket_count() const noexcept;
        -:  477:
        -:  478:    size_type bucket_size(size_type n) const;
        -:  479:    size_type bucket(const key_type& k) const;
        -:  480:
        -:  481:    local_iterator       begin(size_type n);
        -:  482:    local_iterator       end(size_type n);
        -:  483:    const_local_iterator begin(size_type n) const;
        -:  484:    const_local_iterator end(size_type n) const;
        -:  485:    const_local_iterator cbegin(size_type n) const;
        -:  486:    const_local_iterator cend(size_type n) const;
        -:  487:
        -:  488:    float load_factor() const noexcept;
        -:  489:    float max_load_factor() const noexcept;
        -:  490:    void max_load_factor(float z);
        -:  491:    void rehash(size_type n);
        -:  492:    void reserve(size_type n);
        -:  493:};
        -:  494:
        -:  495:template<class InputIterator,
        -:  496:    class Hash = hash<iter_key_t<InputIterator>>, class Pred = equal_to<iter_key_t<InputIterator>>,
        -:  497:    class Allocator = allocator<iter_to_alloc_t<InputIterator>>>
        -:  498:unordered_multimap(InputIterator, InputIterator, typename see below::size_type = see below,
        -:  499:    Hash = Hash(), Pred = Pred(), Allocator = Allocator())
        -:  500:  -> unordered_multimap<iter_key_t<InputIterator>, iter_value_t<InputIterator>, Hash, Pred,
        -:  501:    Allocator>; // C++17
        -:  502:
        -:  503:template<ranges::input_range R, class Hash = hash<range-key-type<R>>,
        -:  504:         class Pred = equal_to<range-key-type<R>>,
        -:  505:         class Allocator = allocator<range-to-alloc-type<R>>>
        -:  506:  unordered_multimap(from_range_t, R&&, typename see below::size_type = see below,
        -:  507:                Hash = Hash(), Pred = Pred(), Allocator = Allocator())
        -:  508:    -> unordered_multimap<range-key-type<R>, range-mapped-type<R>, Hash, Pred, Allocator>; // C++23
        -:  509:
        -:  510:template<class Key, class T, class Hash = hash<Key>,
        -:  511:    class Pred = equal_to<Key>, class Allocator = allocator<pair<const Key, T>>>
        -:  512:unordered_multimap(initializer_list<pair<const Key, T>>, typename see below::size_type = see below,
        -:  513:    Hash = Hash(), Pred = Pred(), Allocator = Allocator())
        -:  514:  -> unordered_multimap<Key, T, Hash, Pred, Allocator>; // C++17
        -:  515:
        -:  516:template<class InputIterator, class Allocator>
        -:  517:unordered_multimap(InputIterator, InputIterator, typename see below::size_type, Allocator)
        -:  518:  -> unordered_multimap<iter_key_t<InputIterator>, iter_val_t<InputIterator>,
        -:  519:        hash<iter_key_t<InputIterator>>, equal_to<iter_key_t<InputIterator>>, Allocator>; // C++17
        -:  520:
        -:  521:template<class InputIterator, class Allocator>
        -:  522:unordered_multimap(InputIterator, InputIterator, Allocator)
        -:  523:  -> unordered_multimap<iter_key_t<InputIterator>, iter_val_t<InputIterator>,
        -:  524:        hash<iter_key_t<InputIterator>>, equal_to<iter_key_t<InputIterator>>, Allocator>; // C++17
        -:  525:
        -:  526:template<class InputIterator, class Hash, class Allocator>
        -:  527:unordered_multimap(InputIterator, InputIterator, typename see below::size_type, Hash, Allocator)
        -:  528:  -> unordered_multimap<iter_key_t<InputIterator>, iter_val_t<InputIterator>, Hash,
        -:  529:          equal_to<iter_key_t<InputIterator>>, Allocator>; // C++17
        -:  530:
        -:  531:template<ranges::input_range R, class Allocator>
        -:  532:  unordered_multimap(from_range_t, R&&, typename see below::size_type, Allocator)
        -:  533:    -> unordered_multimap<range-key-type<R>, range-mapped-type<R>, hash<range-key-type<R>>,
        -:  534:                      equal_to<range-key-type<R>>, Allocator>;   // C++23
        -:  535:
        -:  536:template<ranges::input_range R, class Allocator>
        -:  537:  unordered_multimap(from_range_t, R&&, Allocator)
        -:  538:    -> unordered_multimap<range-key-type<R>, range-mapped-type<R>, hash<range-key-type<R>>,
        -:  539:                      equal_to<range-key-type<R>>, Allocator>;   // C++23
        -:  540:
        -:  541:template<ranges::input_range R, class Hash, class Allocator>
        -:  542:  unordered_multimap(from_range_t, R&&, typename see below::size_type, Hash, Allocator)
        -:  543:    -> unordered_multimap<range-key-type<R>, range-mapped-type<R>, Hash,
        -:  544:                      equal_to<range-key-type<R>>, Allocator>;   // C++23
        -:  545:
        -:  546:template<class Key, class T, typename Allocator>
        -:  547:unordered_multimap(initializer_list<pair<const Key, T>>, typename see below::size_type, Allocator)
        -:  548:  -> unordered_multimap<Key, T, hash<Key>, equal_to<Key>, Allocator>; // C++17
        -:  549:
        -:  550:template<class Key, class T, typename Allocator>
        -:  551:unordered_multimap(initializer_list<pair<const Key, T>>, Allocator)
        -:  552:  -> unordered_multimap<Key, T, hash<Key>, equal_to<Key>, Allocator>; // C++17
        -:  553:
        -:  554:template<class Key, class T, class Hash, class Allocator>
        -:  555:unordered_multimap(initializer_list<pair<const Key, T>>, typename see below::size_type, Hash,
        -:  556:    Allocator)
        -:  557:  -> unordered_multimap<Key, T, Hash, equal_to<Key>, Allocator>; // C++17
        -:  558:
        -:  559:template <class Key, class T, class Hash, class Pred, class Alloc>
        -:  560:    void swap(unordered_multimap<Key, T, Hash, Pred, Alloc>& x,
        -:  561:              unordered_multimap<Key, T, Hash, Pred, Alloc>& y)
        -:  562:              noexcept(noexcept(x.swap(y)));
        -:  563:
        -:  564:template <class K, class T, class H, class P, class A, class Predicate>
        -:  565:    typename unordered_map<K, T, H, P, A>::size_type
        -:  566:    erase_if(unordered_map<K, T, H, P, A>& c, Predicate pred);       // C++20
        -:  567:
        -:  568:template <class K, class T, class H, class P, class A, class Predicate>
        -:  569:    typename unordered_multimap<K, T, H, P, A>::size_type
        -:  570:    erase_if(unordered_multimap<K, T, H, P, A>& c, Predicate pred);  // C++20
        -:  571:
        -:  572:template <class Key, class T, class Hash, class Pred, class Alloc>
        -:  573:    bool
        -:  574:    operator==(const unordered_multimap<Key, T, Hash, Pred, Alloc>& x,
        -:  575:               const unordered_multimap<Key, T, Hash, Pred, Alloc>& y);
        -:  576:
        -:  577:template <class Key, class T, class Hash, class Pred, class Alloc>
        -:  578:    bool
        -:  579:    operator!=(const unordered_multimap<Key, T, Hash, Pred, Alloc>& x,
        -:  580:               const unordered_multimap<Key, T, Hash, Pred, Alloc>& y); // Removed in C++20
        -:  581:
        -:  582:}  // std
        -:  583:
        -:  584:*/
        -:  585:
        -:  586:#if __cplusplus < 201103L && defined(_LIBCPP_USE_FROZEN_CXX03_HEADERS)
        -:  587:#  include <__cxx03/unordered_map>
        -:  588:#else
        -:  589:#  include <__algorithm/is_permutation.h>
        -:  590:#  include <__assert>
        -:  591:#  include <__config>
        -:  592:#  include <__functional/hash.h>
        -:  593:#  include <__functional/is_transparent.h>
        -:  594:#  include <__functional/operations.h>
        -:  595:#  include <__hash_table>
        -:  596:#  include <__iterator/distance.h>
        -:  597:#  include <__iterator/erase_if_container.h>
        -:  598:#  include <__iterator/iterator_traits.h>
        -:  599:#  include <__iterator/ranges_iterator_traits.h>
        -:  600:#  include <__memory/addressof.h>
        -:  601:#  include <__memory/allocator.h>
        -:  602:#  include <__memory/allocator_traits.h>
        -:  603:#  include <__memory/pointer_traits.h>
        -:  604:#  include <__memory/unique_ptr.h>
        -:  605:#  include <__memory_resource/polymorphic_allocator.h>
        -:  606:#  include <__new/launder.h>
        -:  607:#  include <__node_handle>
        -:  608:#  include <__ranges/concepts.h>
        -:  609:#  include <__ranges/container_compatible_range.h>
        -:  610:#  include <__ranges/from_range.h>
        -:  611:#  include <__type_traits/container_traits.h>
        -:  612:#  include <__type_traits/enable_if.h>
        -:  613:#  include <__type_traits/invoke.h>
        -:  614:#  include <__type_traits/is_allocator.h>
        -:  615:#  include <__type_traits/is_integral.h>
        -:  616:#  include <__type_traits/remove_const.h>
        -:  617:#  include <__type_traits/type_identity.h>
        -:  618:#  include <__utility/forward.h>
        -:  619:#  include <__utility/pair.h>
        -:  620:#  include <stdexcept>
        -:  621:#  include <tuple>
        -:  622:#  include <version>
        -:  623:
        -:  624:// standard-mandated includes
        -:  625:
        -:  626:// [iterator.range]
        -:  627:#  include <__iterator/access.h>
        -:  628:#  include <__iterator/data.h>
        -:  629:#  include <__iterator/empty.h>
        -:  630:#  include <__iterator/reverse_access.h>
        -:  631:#  include <__iterator/size.h>
        -:  632:
        -:  633:// [unord.map.syn]
        -:  634:#  include <compare>
        -:  635:#  include <initializer_list>
        -:  636:
        -:  637:#  if !defined(_LIBCPP_HAS_NO_PRAGMA_SYSTEM_HEADER)
        -:  638:#    pragma GCC system_header
        -:  639:#  endif
        -:  640:
        -:  641:_LIBCPP_PUSH_MACROS
        -:  642:#  include <__undef_macros>
        -:  643:
        -:  644:_LIBCPP_BEGIN_NAMESPACE_STD
        -:  645:
        -:  646:template <class _Key,
        -:  647:          class _Cp,
        -:  648:          class _Hash,
        -:  649:          class _Pred,
        -:  650:          bool = is_empty<_Hash>::value && !__libcpp_is_final<_Hash>::value>
        -:  651:class __unordered_map_hasher : private _Hash {
        -:  652:public:
        8:  653:  _LIBCPP_HIDE_FROM_ABI __unordered_map_hasher() _NOEXCEPT_(is_nothrow_default_constructible<_Hash>::value) : _Hash() {}
        -:  654:  _LIBCPP_HIDE_FROM_ABI __unordered_map_hasher(const _Hash& __h) _NOEXCEPT_(is_nothrow_copy_constructible<_Hash>::value)
        -:  655:      : _Hash(__h) {}
        -:  656:  _LIBCPP_HIDE_FROM_ABI const _Hash& hash_function() const _NOEXCEPT { return *this; }
        -:  657:  _LIBCPP_HIDE_FROM_ABI size_t operator()(const _Cp& __x) const { return static_cast<const _Hash&>(*this)(__x.first); }
     9950:  658:  _LIBCPP_HIDE_FROM_ABI size_t operator()(const _Key& __x) const { return static_cast<const _Hash&>(*this)(__x); }
        -:  659:#  if _LIBCPP_STD_VER >= 20
        -:  660:  template <typename _K2>
        -:  661:  _LIBCPP_HIDE_FROM_ABI size_t operator()(const _K2& __x) const {
        -:  662:    return static_cast<const _Hash&>(*this)(__x);
        -:  663:  }
        -:  664:#  endif
        -:  665:  _LIBCPP_HIDE_FROM_ABI void swap(__unordered_map_hasher& __y) _NOEXCEPT_(__is_nothrow_swappable_v<_Hash>) {
        -:  666:    using std::swap;
        -:  667:    swap(static_cast<_Hash&>(*this), static_cast<_Hash&>(__y));
        -:  668:  }
        -:  669:};
        -:  670:
        -:  671:template <class _Key, class _Cp, class _Hash, class _Pred>
        -:  672:class __unordered_map_hasher<_Key, _Cp, _Hash, _Pred, false> {
        -:  673:  _Hash __hash_;
        -:  674:
        -:  675:public:
        -:  676:  _LIBCPP_HIDE_FROM_ABI __unordered_map_hasher() _NOEXCEPT_(is_nothrow_default_constructible<_Hash>::value)
        -:  677:      : __hash_() {}
        -:  678:  _LIBCPP_HIDE_FROM_ABI __unordered_map_hasher(const _Hash& __h) _NOEXCEPT_(is_nothrow_copy_constructible<_Hash>::value)
        -:  679:      : __hash_(__h) {}
        -:  680:  _LIBCPP_HIDE_FROM_ABI const _Hash& hash_function() const _NOEXCEPT { return __hash_; }
        -:  681:  _LIBCPP_HIDE_FROM_ABI size_t operator()(const _Cp& __x) const { return __hash_(__x.first); }
        -:  682:  _LIBCPP_HIDE_FROM_ABI size_t operator()(const _Key& __x) const { return __hash_(__x); }
        -:  683:#  if _LIBCPP_STD_VER >= 20
        -:  684:  template <typename _K2>
        -:  685:  _LIBCPP_HIDE_FROM_ABI size_t operator()(const _K2& __x) const {
        -:  686:    return __hash_(__x);
        -:  687:  }
        -:  688:#  endif
        -:  689:  _LIBCPP_HIDE_FROM_ABI void swap(__unordered_map_hasher& __y) _NOEXCEPT_(__is_nothrow_swappable_v<_Hash>) {
        -:  690:    using std::swap;
        -:  691:    swap(__hash_, __y.__hash_);
        -:  692:  }
        -:  693:};
        -:  694:
        -:  695:template <class _Key, class _Cp, class _Hash, class _Pred, bool __b>
        -:  696:inline _LIBCPP_HIDE_FROM_ABI void
        -:  697:swap(__unordered_map_hasher<_Key, _Cp, _Hash, _Pred, __b>& __x,
        -:  698:     __unordered_map_hasher<_Key, _Cp, _Hash, _Pred, __b>& __y) _NOEXCEPT_(_NOEXCEPT_(__x.swap(__y))) {
        -:  699:  __x.swap(__y);
        -:  700:}
        -:  701:
        -:  702:template <class _Key,
        -:  703:          class _Cp,
        -:  704:          class _Pred,
        -:  705:          class _Hash,
        -:  706:          bool = is_empty<_Pred>::value && !__libcpp_is_final<_Pred>::value>
        -:  707:class __unordered_map_equal : private _Pred {
        -:  708:public:
        8:  709:  _LIBCPP_HIDE_FROM_ABI __unordered_map_equal() _NOEXCEPT_(is_nothrow_default_constructible<_Pred>::value) : _Pred() {}
        -:  710:  _LIBCPP_HIDE_FROM_ABI __unordered_map_equal(const _Pred& __p) _NOEXCEPT_(is_nothrow_copy_constructible<_Pred>::value)
        -:  711:      : _Pred(__p) {}
        -:  712:  _LIBCPP_HIDE_FROM_ABI const _Pred& key_eq() const _NOEXCEPT { return *this; }
        -:  713:  _LIBCPP_HIDE_FROM_ABI bool operator()(const _Cp& __x, const _Cp& __y) const {
        -:  714:    return static_cast<const _Pred&>(*this)(__x.first, __y.first);
        -:  715:  }
     8460:  716:  _LIBCPP_HIDE_FROM_ABI bool operator()(const _Cp& __x, const _Key& __y) const {
     8460:  717:    return static_cast<const _Pred&>(*this)(__x.first, __y);
        -:  718:  }
        -:  719:  _LIBCPP_HIDE_FROM_ABI bool operator()(const _Key& __x, const _Cp& __y) const {
        -:  720:    return static_cast<const _Pred&>(*this)(__x, __y.__get_value().first);
        -:  721:  }
        -:  722:#  if _LIBCPP_STD_VER >= 20
        -:  723:  template <typename _K2>
        -:  724:  _LIBCPP_HIDE_FROM_ABI bool operator()(const _Cp& __x, const _K2& __y) const {
        -:  725:    return static_cast<const _Pred&>(*this)(__x.first, __y);
        -:  726:  }
        -:  727:  template <typename _K2>
        -:  728:  _LIBCPP_HIDE_FROM_ABI bool operator()(const _K2& __x, const _Cp& __y) const {
        -:  729:    return static_cast<const _Pred&>(*this)(__x, __y.__get_value().first);
        -:  730:  }
        -:  731:  template <typename _K2>
        -:  732:  _LIBCPP_HIDE_FROM_ABI bool operator()(const _Key& __x, const _K2& __y) const {
        -:  733:    return static_cast<const _Pred&>(*this)(__x, __y);
        -:  734:  }
        -:  735:  template <typename _K2>
        -:  736:  _LIBCPP_HIDE_FROM_ABI bool operator()(const _K2& __x, const _Key& __y) const {
        -:  737:    return static_cast<const _Pred&>(*this)(__x, __y);
        -:  738:  }
        -:  739:#  endif
        -:  740:  _LIBCPP_HIDE_FROM_ABI void swap(__unordered_map_equal& __y) _NOEXCEPT_(__is_nothrow_swappable_v<_Pred>) {
        -:  741:    using std::swap;
        -:  742:    swap(static_cast<_Pred&>(*this), static_cast<_Pred&>(__y));
        -:  743:  }
        -:  744:};
        -:  745:
        -:  746:template <class _Key, class _Cp, class _Pred, class _Hash>
        -:  747:class __unordered_map_equal<_Key, _Cp, _Pred, _Hash, false> {
        -:  748:  _Pred __pred_;
        -:  749:
        -:  750:public:
        -:  751:  _LIBCPP_HIDE_FROM_ABI __unordered_map_equal() _NOEXCEPT_(is_nothrow_default_constructible<_Pred>::value)
        -:  752:      : __pred_() {}
        -:  753:  _LIBCPP_HIDE_FROM_ABI __unordered_map_equal(const _Pred& __p) _NOEXCEPT_(is_nothrow_copy_constructible<_Pred>::value)
        -:  754:      : __pred_(__p) {}
        -:  755:  _LIBCPP_HIDE_FROM_ABI const _Pred& key_eq() const _NOEXCEPT { return __pred_; }
        -:  756:  _LIBCPP_HIDE_FROM_ABI bool operator()(const _Cp& __x, const _Cp& __y) const { return __pred_(__x.first, __y.first); }
        -:  757:  _LIBCPP_HIDE_FROM_ABI bool operator()(const _Cp& __x, const _Key& __y) const { return __pred_(__x.first, __y); }
        -:  758:  _LIBCPP_HIDE_FROM_ABI bool operator()(const _Key& __x, const _Cp& __y) const { return __pred_(__x, __y.first); }
        -:  759:#  if _LIBCPP_STD_VER >= 20
        -:  760:  template <typename _K2>
        -:  761:  _LIBCPP_HIDE_FROM_ABI bool operator()(const _Cp& __x, const _K2& __y) const {
        -:  762:    return __pred_(__x.first, __y);
        -:  763:  }
        -:  764:  template <typename _K2>
        -:  765:  _LIBCPP_HIDE_FROM_ABI bool operator()(const _K2& __x, const _Cp& __y) const {
        -:  766:    return __pred_(__x, __y.first);
        -:  767:  }
        -:  768:  template <typename _K2>
        -:  769:  _LIBCPP_HIDE_FROM_ABI bool operator()(const _Key& __x, const _K2& __y) const {
        -:  770:    return __pred_(__x, __y);
        -:  771:  }
        -:  772:  template <typename _K2>
        -:  773:  _LIBCPP_HIDE_FROM_ABI bool operator()(const _K2& __x, const _Key& __y) const {
        -:  774:    return __pred_(__x, __y);
        -:  775:  }
        -:  776:#  endif
        -:  777:  _LIBCPP_HIDE_FROM_ABI void swap(__unordered_map_equal& __y) _NOEXCEPT_(__is_nothrow_swappable_v<_Pred>) {
        -:  778:    using std::swap;
        -:  779:    swap(__pred_, __y.__pred_);
        -:  780:  }
        -:  781:};
        -:  782:
        -:  783:template <class _Key, class _Cp, class _Pred, class _Hash, bool __b>
        -:  784:inline _LIBCPP_HIDE_FROM_ABI void
        -:  785:swap(__unordered_map_equal<_Key, _Cp, _Pred, _Hash, __b>& __x, __unordered_map_equal<_Key, _Cp, _Pred, _Hash, __b>& __y)
        -:  786:    _NOEXCEPT_(_NOEXCEPT_(__x.swap(__y))) {
        -:  787:  __x.swap(__y);
        -:  788:}
        -:  789:
        -:  790:template <class _Alloc>
        -:  791:class __hash_map_node_destructor {
        -:  792:  typedef _Alloc allocator_type;
        -:  793:  typedef allocator_traits<allocator_type> __alloc_traits;
        -:  794:
        -:  795:public:
        -:  796:  typedef typename __alloc_traits::pointer pointer;
        -:  797:
        -:  798:private:
        -:  799:  allocator_type& __na_;
        -:  800:
        -:  801:public:
        -:  802:  bool __first_constructed;
        -:  803:  bool __second_constructed;
        -:  804:
        -:  805:  __hash_map_node_destructor& operator=(const __hash_map_node_destructor&) = delete;
        -:  806:
        -:  807:  _LIBCPP_HIDE_FROM_ABI explicit __hash_map_node_destructor(allocator_type& __na) _NOEXCEPT
        -:  808:      : __na_(__na),
        -:  809:        __first_constructed(false),
        -:  810:        __second_constructed(false) {}
        -:  811:
        -:  812:#  ifndef _LIBCPP_CXX03_LANG
        -:  813:  _LIBCPP_HIDE_FROM_ABI __hash_map_node_destructor(__hash_node_destructor<allocator_type>&& __x) _NOEXCEPT
        -:  814:      : __na_(__x.__na_),
        -:  815:        __first_constructed(__x.__value_constructed),
        -:  816:        __second_constructed(__x.__value_constructed) {
        -:  817:    __x.__value_constructed = false;
        -:  818:  }
        -:  819:#  else  // _LIBCPP_CXX03_LANG
        -:  820:  _LIBCPP_HIDE_FROM_ABI __hash_map_node_destructor(const __hash_node_destructor<allocator_type>& __x)
        -:  821:      : __na_(__x.__na_), __first_constructed(__x.__value_constructed), __second_constructed(__x.__value_constructed) {
        -:  822:    const_cast<bool&>(__x.__value_constructed) = false;
        -:  823:  }
        -:  824:#  endif // _LIBCPP_CXX03_LANG
        -:  825:
        -:  826:  _LIBCPP_HIDE_FROM_ABI void operator()(pointer __p) _NOEXCEPT {
        -:  827:    if (__second_constructed)
        -:  828:      __alloc_traits::destroy(__na_, std::addressof(__p->__get_value().second));
        -:  829:    if (__first_constructed)
        -:  830:      __alloc_traits::destroy(__na_, std::addressof(__p->__get_value().first));
        -:  831:    if (__p)
        -:  832:      __alloc_traits::deallocate(__na_, __p, 1);
        -:  833:  }
        -:  834:};
        -:  835:
        -:  836:template <class _Key, class _Tp>
        -:  837:struct __hash_value_type;
        -:  838:
        -:  839:template <class _HashIterator>
        -:  840:class __hash_map_iterator {
        -:  841:  _HashIterator __i_;
        -:  842:
        -:  843:  typedef __hash_node_types_from_iterator<_HashIterator> _NodeTypes;
        -:  844:
        -:  845:public:
        -:  846:  typedef forward_iterator_tag iterator_category;
        -:  847:  typedef typename _NodeTypes::__map_value_type value_type;
        -:  848:  typedef typename _NodeTypes::difference_type difference_type;
        -:  849:  typedef value_type& reference;
        -:  850:  typedef typename _NodeTypes::__map_value_type_pointer pointer;
        -:  851:
        -:  852:  _LIBCPP_HIDE_FROM_ABI __hash_map_iterator() _NOEXCEPT {}
        -:  853:
        -:  854:  _LIBCPP_HIDE_FROM_ABI __hash_map_iterator(_HashIterator __i) _NOEXCEPT : __i_(__i) {}
        -:  855:
        -:  856:  _LIBCPP_HIDE_FROM_ABI reference operator*() const { return *__i_; }
        -:  857:  _LIBCPP_HIDE_FROM_ABI pointer operator->() const { return pointer_traits<pointer>::pointer_to(*__i_); }
        -:  858:
        -:  859:  _LIBCPP_HIDE_FROM_ABI __hash_map_iterator& operator++() {
        -:  860:    ++__i_;
        -:  861:    return *this;
        -:  862:  }
        -:  863:  _LIBCPP_HIDE_FROM_ABI __hash_map_iterator operator++(int) {
        -:  864:    __hash_map_iterator __t(*this);
        -:  865:    ++(*this);
        -:  866:    return __t;
        -:  867:  }
        -:  868:
        -:  869:  friend _LIBCPP_HIDE_FROM_ABI bool operator==(const __hash_map_iterator& __x, const __hash_map_iterator& __y) {
        -:  870:    return __x.__i_ == __y.__i_;
        -:  871:  }
        -:  872:#  if _LIBCPP_STD_VER <= 17
        -:  873:  friend _LIBCPP_HIDE_FROM_ABI bool operator!=(const __hash_map_iterator& __x, const __hash_map_iterator& __y) {
        -:  874:    return __x.__i_ != __y.__i_;
        -:  875:  }
        -:  876:#  endif
        -:  877:
        -:  878:  template <class, class, class, class, class>
        -:  879:  friend class unordered_map;
        -:  880:  template <class, class, class, class, class>
        -:  881:  friend class unordered_multimap;
        -:  882:  template <class>
        -:  883:  friend class __hash_const_iterator;
        -:  884:  template <class>
        -:  885:  friend class __hash_const_local_iterator;
        -:  886:  template <class>
        -:  887:  friend class __hash_map_const_iterator;
        -:  888:};
        -:  889:
        -:  890:template <class _HashIterator>
        -:  891:class __hash_map_const_iterator {
        -:  892:  _HashIterator __i_;
        -:  893:
        -:  894:  typedef __hash_node_types_from_iterator<_HashIterator> _NodeTypes;
        -:  895:
        -:  896:public:
        -:  897:  typedef forward_iterator_tag iterator_category;
        -:  898:  typedef typename _NodeTypes::__map_value_type value_type;
        -:  899:  typedef typename _NodeTypes::difference_type difference_type;
        -:  900:  typedef const value_type& reference;
        -:  901:  typedef typename _NodeTypes::__const_map_value_type_pointer pointer;
        -:  902:
        -:  903:  _LIBCPP_HIDE_FROM_ABI __hash_map_const_iterator() _NOEXCEPT {}
        -:  904:
        -:  905:  _LIBCPP_HIDE_FROM_ABI __hash_map_const_iterator(_HashIterator __i) _NOEXCEPT : __i_(__i) {}
        -:  906:  _LIBCPP_HIDE_FROM_ABI
        -:  907:  __hash_map_const_iterator(__hash_map_iterator<typename _HashIterator::__non_const_iterator> __i) _NOEXCEPT
        -:  908:      : __i_(__i.__i_) {}
        -:  909:
        -:  910:  _LIBCPP_HIDE_FROM_ABI reference operator*() const { return *__i_; }
        -:  911:  _LIBCPP_HIDE_FROM_ABI pointer operator->() const { return pointer_traits<pointer>::pointer_to(*__i_); }
        -:  912:
        -:  913:  _LIBCPP_HIDE_FROM_ABI __hash_map_const_iterator& operator++() {
        -:  914:    ++__i_;
        -:  915:    return *this;
        -:  916:  }
        -:  917:  _LIBCPP_HIDE_FROM_ABI __hash_map_const_iterator operator++(int) {
        -:  918:    __hash_map_const_iterator __t(*this);
        -:  919:    ++(*this);
        -:  920:    return __t;
        -:  921:  }
        -:  922:
        -:  923:  friend _LIBCPP_HIDE_FROM_ABI bool
        -:  924:  operator==(const __hash_map_const_iterator& __x, const __hash_map_const_iterator& __y) {
        -:  925:    return __x.__i_ == __y.__i_;
        -:  926:  }
        -:  927:#  if _LIBCPP_STD_VER <= 17
        -:  928:  friend _LIBCPP_HIDE_FROM_ABI bool
        -:  929:  operator!=(const __hash_map_const_iterator& __x, const __hash_map_const_iterator& __y) {
        -:  930:    return __x.__i_ != __y.__i_;
        -:  931:  }
        -:  932:#  endif
        -:  933:
        -:  934:  template <class, class, class, class, class>
        -:  935:  friend class unordered_map;
        -:  936:  template <class, class, class, class, class>
        -:  937:  friend class unordered_multimap;
        -:  938:  template <class>
        -:  939:  friend class __hash_const_iterator;
        -:  940:  template <class>
        -:  941:  friend class __hash_const_local_iterator;
        -:  942:};
        -:  943:
        -:  944:template <class _Key, class _Tp, class _Hash, class _Pred, class _Alloc>
        -:  945:class unordered_multimap;
        -:  946:
        -:  947:template <class _Key,
        -:  948:          class _Tp,
        -:  949:          class _Hash  = hash<_Key>,
        -:  950:          class _Pred  = equal_to<_Key>,
        -:  951:          class _Alloc = allocator<pair<const _Key, _Tp> > >
        -:  952:class unordered_map {
        -:  953:public:
        -:  954:  // types
        -:  955:  typedef _Key key_type;
        -:  956:  typedef _Tp mapped_type;
        -:  957:  typedef __type_identity_t<_Hash> hasher;
        -:  958:  typedef __type_identity_t<_Pred> key_equal;
        -:  959:  typedef __type_identity_t<_Alloc> allocator_type;
        -:  960:  typedef pair<const key_type, mapped_type> value_type;
        -:  961:  typedef value_type& reference;
        -:  962:  typedef const value_type& const_reference;
        -:  963:  static_assert(is_same<value_type, typename allocator_type::value_type>::value,
        -:  964:                "Allocator::value_type must be same type as value_type");
        -:  965:
        -:  966:private:
        -:  967:  typedef __hash_value_type<key_type, mapped_type> __value_type;
        -:  968:  typedef __unordered_map_hasher<key_type, value_type, hasher, key_equal> __hasher;
        -:  969:  typedef __unordered_map_equal<key_type, value_type, key_equal, hasher> __key_equal;
        -:  970:
        -:  971:  typedef __hash_table<__value_type, __hasher, __key_equal, allocator_type> __table;
        -:  972:
        -:  973:  __table __table_;
        -:  974:
        -:  975:  typedef typename __table::_NodeTypes _NodeTypes;
        -:  976:  typedef typename __table::__node_pointer __node_pointer;
        -:  977:  typedef typename __table::__node_const_pointer __node_const_pointer;
        -:  978:  typedef typename __table::__node_traits __node_traits;
        -:  979:  typedef typename __table::__node_allocator __node_allocator;
        -:  980:  typedef typename __table::__node __node;
        -:  981:  typedef __hash_map_node_destructor<__node_allocator> _Dp;
        -:  982:  typedef unique_ptr<__node, _Dp> __node_holder;
        -:  983:  typedef allocator_traits<allocator_type> __alloc_traits;
        -:  984:
        -:  985:  static_assert(__check_valid_allocator<allocator_type>::value, "");
        -:  986:
        -:  987:public:
        -:  988:  typedef typename __alloc_traits::pointer pointer;
        -:  989:  typedef typename __alloc_traits::const_pointer const_pointer;
        -:  990:  typedef typename __table::size_type size_type;
        -:  991:  typedef typename __table::difference_type difference_type;
        -:  992:
        -:  993:  typedef __hash_map_iterator<typename __table::iterator> iterator;
        -:  994:  typedef __hash_map_const_iterator<typename __table::const_iterator> const_iterator;
        -:  995:  typedef __hash_map_iterator<typename __table::local_iterator> local_iterator;
        -:  996:  typedef __hash_map_const_iterator<typename __table::const_local_iterator> const_local_iterator;
        -:  997:
        -:  998:#  if _LIBCPP_STD_VER >= 17
        -:  999:  typedef __map_node_handle<__node, allocator_type> node_type;
        -: 1000:  typedef __insert_return_type<iterator, node_type> insert_return_type;
        -: 1001:#  endif
        -: 1002:
        -: 1003:  template <class _Key2, class _Tp2, class _Hash2, class _Pred2, class _Alloc2>
        -: 1004:  friend class unordered_map;
        -: 1005:  template <class _Key2, class _Tp2, class _Hash2, class _Pred2, class _Alloc2>
        -: 1006:  friend class unordered_multimap;
        -: 1007:
        8: 1008:  _LIBCPP_HIDE_FROM_ABI unordered_map() _NOEXCEPT_(is_nothrow_default_constructible<__table>::value) {}
        -: 1009:  explicit _LIBCPP_HIDE_FROM_ABI
        -: 1010:  unordered_map(size_type __n, const hasher& __hf = hasher(), const key_equal& __eql = key_equal());
        -: 1011:  _LIBCPP_HIDE_FROM_ABI
        -: 1012:  unordered_map(size_type __n, const hasher& __hf, const key_equal& __eql, const allocator_type& __a);
        -: 1013:  template <class _InputIterator>
        -: 1014:  _LIBCPP_HIDE_FROM_ABI unordered_map(_InputIterator __first, _InputIterator __last);
        -: 1015:  template <class _InputIterator>
        -: 1016:  _LIBCPP_HIDE_FROM_ABI
        -: 1017:  unordered_map(_InputIterator __first,
        -: 1018:                _InputIterator __last,
        -: 1019:                size_type __n,
        -: 1020:                const hasher& __hf     = hasher(),
        -: 1021:                const key_equal& __eql = key_equal());
        -: 1022:  template <class _InputIterator>
        -: 1023:  _LIBCPP_HIDE_FROM_ABI unordered_map(
        -: 1024:      _InputIterator __first,
        -: 1025:      _InputIterator __last,
        -: 1026:      size_type __n,
        -: 1027:      const hasher& __hf,
        -: 1028:      const key_equal& __eql,
        -: 1029:      const allocator_type& __a);
        -: 1030:
        -: 1031:#  if _LIBCPP_STD_VER >= 23
        -: 1032:  template <_ContainerCompatibleRange<value_type> _Range>
        -: 1033:  _LIBCPP_HIDE_FROM_ABI unordered_map(
        -: 1034:      from_range_t,
        -: 1035:      _Range&& __range,
        -: 1036:      size_type __n             = /*implementation-defined*/ 0,
        -: 1037:      const hasher& __hf        = hasher(),
        -: 1038:      const key_equal& __eql    = key_equal(),
        -: 1039:      const allocator_type& __a = allocator_type())
        -: 1040:      : __table_(__hf, __eql, typename __table::allocator_type(__a)) {
        -: 1041:    if (__n > 0) {
        -: 1042:      __table_.__rehash_unique(__n);
        -: 1043:    }
        -: 1044:    insert_range(std::forward<_Range>(__range));
        -: 1045:  }
        -: 1046:#  endif
        -: 1047:
        -: 1048:  _LIBCPP_HIDE_FROM_ABI explicit unordered_map(const allocator_type& __a);
        -: 1049:  _LIBCPP_HIDE_FROM_ABI unordered_map(const unordered_map& __u);
        -: 1050:  _LIBCPP_HIDE_FROM_ABI unordered_map(const unordered_map& __u, const allocator_type& __a);
        -: 1051:#  ifndef _LIBCPP_CXX03_LANG
        -: 1052:  _LIBCPP_HIDE_FROM_ABI unordered_map(unordered_map&& __u) _NOEXCEPT_(is_nothrow_move_constructible<__table>::value);
        -: 1053:  _LIBCPP_HIDE_FROM_ABI unordered_map(unordered_map&& __u, const allocator_type& __a);
        -: 1054:  _LIBCPP_HIDE_FROM_ABI unordered_map(initializer_list<value_type> __il);
        -: 1055:  _LIBCPP_HIDE_FROM_ABI
        -: 1056:  unordered_map(initializer_list<value_type> __il,
        -: 1057:                size_type __n,
        -: 1058:                const hasher& __hf     = hasher(),
        -: 1059:                const key_equal& __eql = key_equal());
        -: 1060:  _LIBCPP_HIDE_FROM_ABI unordered_map(
        -: 1061:      initializer_list<value_type> __il,
        -: 1062:      size_type __n,
        -: 1063:      const hasher& __hf,
        -: 1064:      const key_equal& __eql,
        -: 1065:      const allocator_type& __a);
        -: 1066:#  endif // _LIBCPP_CXX03_LANG
        -: 1067:#  if _LIBCPP_STD_VER >= 14
        -: 1068:  _LIBCPP_HIDE_FROM_ABI unordered_map(size_type __n, const allocator_type& __a)
        -: 1069:      : unordered_map(__n, hasher(), key_equal(), __a) {}
        -: 1070:  _LIBCPP_HIDE_FROM_ABI unordered_map(size_type __n, const hasher& __hf, const allocator_type& __a)
        -: 1071:      : unordered_map(__n, __hf, key_equal(), __a) {}
        -: 1072:  template <class _InputIterator>
        -: 1073:  _LIBCPP_HIDE_FROM_ABI
        -: 1074:  unordered_map(_InputIterator __first, _InputIterator __last, size_type __n, const allocator_type& __a)
        -: 1075:      : unordered_map(__first, __last, __n, hasher(), key_equal(), __a) {}
        -: 1076:  template <class _InputIterator>
        -: 1077:  _LIBCPP_HIDE_FROM_ABI unordered_map(
        -: 1078:      _InputIterator __first, _InputIterator __last, size_type __n, const hasher& __hf, const allocator_type& __a)
        -: 1079:      : unordered_map(__first, __last, __n, __hf, key_equal(), __a) {}
        -: 1080:
        -: 1081:#    if _LIBCPP_STD_VER >= 23
        -: 1082:  template <_ContainerCompatibleRange<value_type> _Range>
        -: 1083:  _LIBCPP_HIDE_FROM_ABI unordered_map(from_range_t, _Range&& __range, size_type __n, const allocator_type& __a)
        -: 1084:      : unordered_map(from_range, std::forward<_Range>(__range), __n, hasher(), key_equal(), __a) {}
        -: 1085:
        -: 1086:  template <_ContainerCompatibleRange<value_type> _Range>
        -: 1087:  _LIBCPP_HIDE_FROM_ABI
        -: 1088:  unordered_map(from_range_t, _Range&& __range, size_type __n, const hasher& __hf, const allocator_type& __a)
        -: 1089:      : unordered_map(from_range, std::forward<_Range>(__range), __n, __hf, key_equal(), __a) {}
        -: 1090:#    endif
        -: 1091:
        -: 1092:  _LIBCPP_HIDE_FROM_ABI unordered_map(initializer_list<value_type> __il, size_type __n, const allocator_type& __a)
        -: 1093:      : unordered_map(__il, __n, hasher(), key_equal(), __a) {}
        -: 1094:  _LIBCPP_HIDE_FROM_ABI
        -: 1095:  unordered_map(initializer_list<value_type> __il, size_type __n, const hasher& __hf, const allocator_type& __a)
        -: 1096:      : unordered_map(__il, __n, __hf, key_equal(), __a) {}
        -: 1097:#  endif
        8: 1098:  _LIBCPP_HIDE_FROM_ABI ~unordered_map() {
        -: 1099:    static_assert(sizeof(std::__diagnose_unordered_container_requirements<_Key, _Hash, _Pred>(0)), "");
        8: 1100:  }
        -: 1101:
        -: 1102:  _LIBCPP_HIDE_FROM_ABI unordered_map& operator=(const unordered_map& __u) {
        -: 1103:#  ifndef _LIBCPP_CXX03_LANG
        -: 1104:    __table_ = __u.__table_;
        -: 1105:#  else
        -: 1106:    if (this != std::addressof(__u)) {
        -: 1107:      __table_.clear();
        -: 1108:      __table_.hash_function()   = __u.__table_.hash_function();
        -: 1109:      __table_.key_eq()          = __u.__table_.key_eq();
        -: 1110:      __table_.max_load_factor() = __u.__table_.max_load_factor();
        -: 1111:      __table_.__copy_assign_alloc(__u.__table_);
        -: 1112:      insert(__u.begin(), __u.end());
        -: 1113:    }
        -: 1114:#  endif
        -: 1115:    return *this;
        -: 1116:  }
        -: 1117:#  ifndef _LIBCPP_CXX03_LANG
        -: 1118:  _LIBCPP_HIDE_FROM_ABI unordered_map& operator=(unordered_map&& __u)
        -: 1119:      _NOEXCEPT_(is_nothrow_move_assignable<__table>::value);
        -: 1120:  _LIBCPP_HIDE_FROM_ABI unordered_map& operator=(initializer_list<value_type> __il);
        -: 1121:#  endif // _LIBCPP_CXX03_LANG
        -: 1122:
        -: 1123:  _LIBCPP_HIDE_FROM_ABI allocator_type get_allocator() const _NOEXCEPT {
        -: 1124:    return allocator_type(__table_.__node_alloc());
        -: 1125:  }
        -: 1126:
        -: 1127:  [[__nodiscard__]] _LIBCPP_HIDE_FROM_ABI bool empty() const _NOEXCEPT { return __table_.size() == 0; }
        -: 1128:  _LIBCPP_HIDE_FROM_ABI size_type size() const _NOEXCEPT { return __table_.size(); }
        -: 1129:  _LIBCPP_HIDE_FROM_ABI size_type max_size() const _NOEXCEPT { return __table_.max_size(); }
        -: 1130:
        -: 1131:  _LIBCPP_HIDE_FROM_ABI iterator begin() _NOEXCEPT { return __table_.begin(); }
        -: 1132:  _LIBCPP_HIDE_FROM_ABI iterator end() _NOEXCEPT { return __table_.end(); }
        -: 1133:  _LIBCPP_HIDE_FROM_ABI const_iterator begin() const _NOEXCEPT { return __table_.begin(); }
        -: 1134:  _LIBCPP_HIDE_FROM_ABI const_iterator end() const _NOEXCEPT { return __table_.end(); }
        -: 1135:  _LIBCPP_HIDE_FROM_ABI const_iterator cbegin() const _NOEXCEPT { return __table_.begin(); }
        -: 1136:  _LIBCPP_HIDE_FROM_ABI const_iterator cend() const _NOEXCEPT { return __table_.end(); }
        -: 1137:
        -: 1138:  _LIBCPP_HIDE_FROM_ABI pair<iterator, bool> insert(const value_type& __x) { return __table_.__emplace_unique(__x); }
        -: 1139:
        -: 1140:  _LIBCPP_HIDE_FROM_ABI iterator insert(const_iterator, const value_type& __x) { return insert(__x).first; }
        -: 1141:
        -: 1142:  template <class _InputIterator>
        -: 1143:  _LIBCPP_HIDE_FROM_ABI void insert(_InputIterator __first, _InputIterator __last);
        -: 1144:
        -: 1145:#  if _LIBCPP_STD_VER >= 23
        -: 1146:  template <_ContainerCompatibleRange<value_type> _Range>
        -: 1147:  _LIBCPP_HIDE_FROM_ABI void insert_range(_Range&& __range) {
        -: 1148:    for (auto&& __element : __range) {
        -: 1149:      __table_.__emplace_unique(std::forward<decltype(__element)>(__element));
        -: 1150:    }
        -: 1151:  }
        -: 1152:#  endif
        -: 1153:
        -: 1154:#  ifndef _LIBCPP_CXX03_LANG
        -: 1155:  _LIBCPP_HIDE_FROM_ABI void insert(initializer_list<value_type> __il) { insert(__il.begin(), __il.end()); }
        -: 1156:
        -: 1157:  _LIBCPP_HIDE_FROM_ABI pair<iterator, bool> insert(value_type&& __x) {
        -: 1158:    return __table_.__emplace_unique(std::move(__x));
        -: 1159:  }
        -: 1160:
        -: 1161:  _LIBCPP_HIDE_FROM_ABI iterator insert(const_iterator, value_type&& __x) {
        -: 1162:    return __table_.__emplace_unique(std::move(__x)).first;
        -: 1163:  }
        -: 1164:
        -: 1165:  template <class _Pp, __enable_if_t<is_constructible<value_type, _Pp>::value, int> = 0>
        -: 1166:  _LIBCPP_HIDE_FROM_ABI pair<iterator, bool> insert(_Pp&& __x) {
        -: 1167:    return __table_.__emplace_unique(std::forward<_Pp>(__x));
        -: 1168:  }
        -: 1169:
        -: 1170:  template <class _Pp, __enable_if_t<is_constructible<value_type, _Pp>::value, int> = 0>
        -: 1171:  _LIBCPP_HIDE_FROM_ABI iterator insert(const_iterator, _Pp&& __x) {
        -: 1172:    return insert(std::forward<_Pp>(__x)).first;
        -: 1173:  }
        -: 1174:
        -: 1175:  template <class... _Args>
        -: 1176:  _LIBCPP_HIDE_FROM_ABI pair<iterator, bool> emplace(_Args&&... __args) {
        -: 1177:    return __table_.__emplace_unique(std::forward<_Args>(__args)...);
        -: 1178:  }
        -: 1179:
        -: 1180:  template <class... _Args>
        -: 1181:  _LIBCPP_HIDE_FROM_ABI iterator emplace_hint(const_iterator, _Args&&... __args) {
        -: 1182:    return __table_.__emplace_unique(std::forward<_Args>(__args)...).first;
        -: 1183:  }
        -: 1184:
        -: 1185:#  endif // _LIBCPP_CXX03_LANG
        -: 1186:
        -: 1187:#  if _LIBCPP_STD_VER >= 17
        -: 1188:  template <class... _Args>
        -: 1189:  _LIBCPP_HIDE_FROM_ABI pair<iterator, bool> try_emplace(const key_type& __k, _Args&&... __args) {
        -: 1190:    return __table_.__emplace_unique_key_args(
        -: 1191:        __k, piecewise_construct, std::forward_as_tuple(__k), std::forward_as_tuple(std::forward<_Args>(__args)...));
        -: 1192:  }
        -: 1193:
        -: 1194:  template <class... _Args>
        -: 1195:  _LIBCPP_HIDE_FROM_ABI pair<iterator, bool> try_emplace(key_type&& __k, _Args&&... __args) {
        -: 1196:    return __table_.__emplace_unique_key_args(
        -: 1197:        __k,
        -: 1198:        piecewise_construct,
        -: 1199:        std::forward_as_tuple(std::move(__k)),
        -: 1200:        std::forward_as_tuple(std::forward<_Args>(__args)...));
        -: 1201:  }
        -: 1202:
        -: 1203:  template <class... _Args>
        -: 1204:  _LIBCPP_HIDE_FROM_ABI iterator try_emplace(const_iterator, const key_type& __k, _Args&&... __args) {
        -: 1205:    return try_emplace(__k, std::forward<_Args>(__args)...).first;
        -: 1206:  }
        -: 1207:
        -: 1208:  template <class... _Args>
        -: 1209:  _LIBCPP_HIDE_FROM_ABI iterator try_emplace(const_iterator, key_type&& __k, _Args&&... __args) {
        -: 1210:    return try_emplace(std::move(__k), std::forward<_Args>(__args)...).first;
        -: 1211:  }
        -: 1212:
        -: 1213:  template <class _Vp>
        -: 1214:  _LIBCPP_HIDE_FROM_ABI pair<iterator, bool> insert_or_assign(const key_type& __k, _Vp&& __v) {
        -: 1215:    pair<iterator, bool> __res = __table_.__emplace_unique_key_args(__k, __k, std::forward<_Vp>(__v));
        -: 1216:    if (!__res.second) {
        -: 1217:      __res.first->second = std::forward<_Vp>(__v);
        -: 1218:    }
        -: 1219:    return __res;
        -: 1220:  }
        -: 1221:
        -: 1222:  template <class _Vp>
        -: 1223:  _LIBCPP_HIDE_FROM_ABI pair<iterator, bool> insert_or_assign(key_type&& __k, _Vp&& __v) {
        -: 1224:    pair<iterator, bool> __res = __table_.__emplace_unique_key_args(__k, std::move(__k), std::forward<_Vp>(__v));
        -: 1225:    if (!__res.second) {
        -: 1226:      __res.first->second = std::forward<_Vp>(__v);
        -: 1227:    }
        -: 1228:    return __res;
        -: 1229:  }
        -: 1230:
        -: 1231:  template <class _Vp>
        -: 1232:  _LIBCPP_HIDE_FROM_ABI iterator insert_or_assign(const_iterator, const key_type& __k, _Vp&& __v) {
        -: 1233:    return insert_or_assign(__k, std::forward<_Vp>(__v)).first;
        -: 1234:  }
        -: 1235:
        -: 1236:  template <class _Vp>
        -: 1237:  _LIBCPP_HIDE_FROM_ABI iterator insert_or_assign(const_iterator, key_type&& __k, _Vp&& __v) {
        -: 1238:    return insert_or_assign(std::move(__k), std::forward<_Vp>(__v)).first;
        -: 1239:  }
        -: 1240:#  endif // _LIBCPP_STD_VER >= 17
        -: 1241:
        -: 1242:  _LIBCPP_HIDE_FROM_ABI iterator erase(const_iterator __p) { return __table_.erase(__p.__i_); }
        -: 1243:  _LIBCPP_HIDE_FROM_ABI iterator erase(iterator __p) { return __table_.erase(__p.__i_); }
        -: 1244:  _LIBCPP_HIDE_FROM_ABI size_type erase(const key_type& __k) { return __table_.__erase_unique(__k); }
        -: 1245:  _LIBCPP_HIDE_FROM_ABI iterator erase(const_iterator __first, const_iterator __last) {
        -: 1246:    return __table_.erase(__first.__i_, __last.__i_);
        -: 1247:  }
        -: 1248:  _LIBCPP_HIDE_FROM_ABI void clear() _NOEXCEPT { __table_.clear(); }
        -: 1249:
        -: 1250:#  if _LIBCPP_STD_VER >= 17
        -: 1251:  _LIBCPP_HIDE_FROM_ABI insert_return_type insert(node_type&& __nh) {
        -: 1252:    _LIBCPP_ASSERT_COMPATIBLE_ALLOCATOR(__nh.empty() || __nh.get_allocator() == get_allocator(),
        -: 1253:                                        "node_type with incompatible allocator passed to unordered_map::insert()");
        -: 1254:    return __table_.template __node_handle_insert_unique< node_type, insert_return_type>(std::move(__nh));
        -: 1255:  }
        -: 1256:  _LIBCPP_HIDE_FROM_ABI iterator insert(const_iterator __hint, node_type&& __nh) {
        -: 1257:    _LIBCPP_ASSERT_COMPATIBLE_ALLOCATOR(__nh.empty() || __nh.get_allocator() == get_allocator(),
        -: 1258:                                        "node_type with incompatible allocator passed to unordered_map::insert()");
        -: 1259:    return __table_.template __node_handle_insert_unique<node_type>(__hint.__i_, std::move(__nh));
        -: 1260:  }
        -: 1261:  _LIBCPP_HIDE_FROM_ABI node_type extract(key_type const& __key) {
        -: 1262:    return __table_.template __node_handle_extract<node_type>(__key);
        -: 1263:  }
        -: 1264:  _LIBCPP_HIDE_FROM_ABI node_type extract(const_iterator __it) {
        -: 1265:    return __table_.template __node_handle_extract<node_type>(__it.__i_);
        -: 1266:  }
        -: 1267:
        -: 1268:  template <class _H2, class _P2>
        -: 1269:  _LIBCPP_HIDE_FROM_ABI void merge(unordered_map<key_type, mapped_type, _H2, _P2, allocator_type>& __source) {
        -: 1270:    _LIBCPP_ASSERT_COMPATIBLE_ALLOCATOR(
        -: 1271:        __source.get_allocator() == get_allocator(), "merging container with incompatible allocator");
        -: 1272:    return __table_.__node_handle_merge_unique(__source.__table_);
        -: 1273:  }
        -: 1274:  template <class _H2, class _P2>
        -: 1275:  _LIBCPP_HIDE_FROM_ABI void merge(unordered_map<key_type, mapped_type, _H2, _P2, allocator_type>&& __source) {
        -: 1276:    _LIBCPP_ASSERT_COMPATIBLE_ALLOCATOR(
        -: 1277:        __source.get_allocator() == get_allocator(), "merging container with incompatible allocator");
        -: 1278:    return __table_.__node_handle_merge_unique(__source.__table_);
        -: 1279:  }
        -: 1280:  template <class _H2, class _P2>
        -: 1281:  _LIBCPP_HIDE_FROM_ABI void merge(unordered_multimap<key_type, mapped_type, _H2, _P2, allocator_type>& __source) {
        -: 1282:    _LIBCPP_ASSERT_COMPATIBLE_ALLOCATOR(
        -: 1283:        __source.get_allocator() == get_allocator(), "merging container with incompatible allocator");
        -: 1284:    return __table_.__node_handle_merge_unique(__source.__table_);
        -: 1285:  }
        -: 1286:  template <class _H2, class _P2>
        -: 1287:  _LIBCPP_HIDE_FROM_ABI void merge(unordered_multimap<key_type, mapped_type, _H2, _P2, allocator_type>&& __source) {
        -: 1288:    _LIBCPP_ASSERT_COMPATIBLE_ALLOCATOR(
        -: 1289:        __source.get_allocator() == get_allocator(), "merging container with incompatible allocator");
        -: 1290:    return __table_.__node_handle_merge_unique(__source.__table_);
        -: 1291:  }
        -: 1292:#  endif
        -: 1293:
        -: 1294:  _LIBCPP_HIDE_FROM_ABI void swap(unordered_map& __u) _NOEXCEPT_(__is_nothrow_swappable_v<__table>) {
        -: 1295:    __table_.swap(__u.__table_);
        -: 1296:  }
        -: 1297:
        -: 1298:  _LIBCPP_HIDE_FROM_ABI hasher hash_function() const { return __table_.hash_function().hash_function(); }
[...]
        -: 2160:          class _Hash      = hash<remove_const_t<_Key>>,
        -: 2161:          class _Pred      = equal_to<remove_const_t<_Key>>,
        -: 2162:          class _Allocator = allocator<pair<const _Key, _Tp>>,
        -: 2163:          class            = enable_if_t<!__is_allocator<_Hash>::value>,
        -: 2164:          class            = enable_if_t<!is_integral<_Hash>::value>,
        -: 2165:          class            = enable_if_t<!__is_allocator<_Pred>::value>,
        -: 2166:          class            = enable_if_t<__is_allocator<_Allocator>::value>>
        -: 2167:unordered_multimap(
        -: 2168:    initializer_list<pair<_Key, _Tp>>,
        -: 2169:    typename allocator_traits<_Allocator>::size_type = 0,
        -: 2170:    _Hash                                            = _Hash(),
        -: 2171:    _Pred                                            = _Pred(),
        -: 2172:    _Allocator = _Allocator()) -> unordered_multimap<remove_const_t<_Key>, _Tp, _Hash, _Pred, _Allocator>;
        -: 2173:
        -: 2174:template <class _InputIterator,
        -: 2175:          class _Allocator,
        -: 2176:          class = enable_if_t<__has_input_iterator_category<_InputIterator>::value>,
        -: 2177:          class = enable_if_t<__is_allocator<_Allocator>::value>>
        -: 2178:unordered_multimap(_InputIterator, _InputIterator, typename allocator_traits<_Allocator>::size_type, _Allocator)
        -: 2179:    -> unordered_multimap<__iter_key_type<_InputIterator>,
        -: 2180:                          __iter_mapped_type<_InputIterator>,
        -: 2181:                          hash<__iter_key_type<_InputIterator>>,
        -: 2182:                          equal_to<__iter_key_type<_InputIterator>>,
        -: 2183:                          _Allocator>;
        -: 2184:
        -: 2185:template <class _InputIterator,
        -: 2186:          class _Allocator,
        -: 2187:          class = enable_if_t<__has_input_iterator_category<_InputIterator>::value>,
        -: 2188:          class = enable_if_t<__is_allocator<_Allocator>::value>>
        -: 2189:unordered_multimap(_InputIterator, _InputIterator, _Allocator)
        -: 2190:    -> unordered_multimap<__iter_key_type<_InputIterator>,
        -: 2191:                          __iter_mapped_type<_InputIterator>,
        -: 2192:                          hash<__iter_key_type<_InputIterator>>,
        -: 2193:                          equal_to<__iter_key_type<_InputIterator>>,
        -: 2194:                          _Allocator>;
        -: 2195:
        -: 2196:template <class _InputIterator,
        -: 2197:          class _Hash,
        -: 2198:          class _Allocator,
        -: 2199:          class = enable_if_t<__has_input_iterator_category<_InputIterator>::value>,
        -: 2200:          class = enable_if_t<!__is_allocator<_Hash>::value>,
        -: 2201:          class = enable_if_t<!is_integral<_Hash>::value>,
        -: 2202:          class = enable_if_t<__is_allocator<_Allocator>::value>>
        -: 2203:unordered_multimap(_InputIterator, _InputIterator, typename allocator_traits<_Allocator>::size_type, _Hash, _Allocator)
        -: 2204:    -> unordered_multimap<__iter_key_type<_InputIterator>,
        -: 2205:                          __iter_mapped_type<_InputIterator>,
        -: 2206:                          _Hash,
        -: 2207:                          equal_to<__iter_key_type<_InputIterator>>,
        -: 2208:                          _Allocator>;
        -: 2209:
        -: 2210:#    if _LIBCPP_STD_VER >= 23
        -: 2211:
        -: 2212:template <ranges::input_range _Range, class _Allocator, class = enable_if_t<__is_allocator<_Allocator>::value>>
        -: 2213:unordered_multimap(from_range_t, _Range&&, typename allocator_traits<_Allocator>::size_type, _Allocator)
        -: 2214:    -> unordered_multimap<__range_key_type<_Range>,
        -: 2215:                          __range_mapped_type<_Range>,
        -: 2216:                          hash<__range_key_type<_Range>>,
        -: 2217:                          equal_to<__range_key_type<_Range>>,
        -: 2218:                          _Allocator>;
        -: 2219:
        -: 2220:template <ranges::input_range _Range, class _Allocator, class = enable_if_t<__is_allocator<_Allocator>::value>>
        -: 2221:unordered_multimap(from_range_t, _Range&&, _Allocator)
        -: 2222:    -> unordered_multimap<__range_key_type<_Range>,
        -: 2223:                          __range_mapped_type<_Range>,
        -: 2224:                          hash<__range_key_type<_Range>>,
        -: 2225:                          equal_to<__range_key_type<_Range>>,
        -: 2226:                          _Allocator>;
        -: 2227:
        -: 2228:template <ranges::input_range _Range,
        -: 2229:          class _Hash,
        -: 2230:          class _Allocator,
        -: 2231:          class = enable_if_t<!__is_allocator<_Hash>::value>,
        -: 2232:          class = enable_if_t<!is_integral<_Hash>::value>,
        -: 2233:          class = enable_if_t<__is_allocator<_Allocator>::value>>
        -: 2234:unordered_multimap(from_range_t, _Range&&, typename allocator_traits<_Allocator>::size_type, _Hash, _Allocator)
        -: 2235:    -> unordered_multimap<__range_key_type<_Range>,
        -: 2236:                          __range_mapped_type<_Range>,
        -: 2237:                          _Hash,
        -: 2238:                          equal_to<__range_key_type<_Range>>,
        -: 2239:                          _Allocator>;
        -: 2240:
        -: 2241:#    endif
        -: 2242:
        -: 2243:template <class _Key, class _Tp, class _Allocator, class = enable_if_t<__is_allocator<_Allocator>::value>>
        -: 2244:unordered_multimap(initializer_list<pair<_Key, _Tp>>, typename allocator_traits<_Allocator>::size_type, _Allocator)
        -: 2245:    -> unordered_multimap<remove_const_t<_Key>,
        -: 2246:                          _Tp,
        -: 2247:                          hash<remove_const_t<_Key>>,
        -: 2248:                          equal_to<remove_const_t<_Key>>,
        -: 2249:                          _Allocator>;
        -: 2250:
        -: 2251:template <class _Key, class _Tp, class _Allocator, class = enable_if_t<__is_allocator<_Allocator>::value>>
        -: 2252:unordered_multimap(initializer_list<pair<_Key, _Tp>>, _Allocator)
        -: 2253:    -> unordered_multimap<remove_const_t<_Key>,
        -: 2254:                          _Tp,
        -: 2255:                          hash<remove_const_t<_Key>>,
        -: 2256:                          equal_to<remove_const_t<_Key>>,
        -: 2257:                          _Allocator>;
        -: 2258:
        -: 2259:template <class _Key,
        -: 2260:          class _Tp,
        -: 2261:          class _Hash,
        -: 2262:          class _Allocator,
        -: 2263:          class = enable_if_t<!__is_allocator<_Hash>::value>,
        -: 2264:          class = enable_if_t<!is_integral<_Hash>::value>,
        -: 2265:          class = enable_if_t<__is_allocator<_Allocator>::value>>
        -: 2266:unordered_multimap(
        -: 2267:    initializer_list<pair<_Key, _Tp>>, typename allocator_traits<_Allocator>::size_type, _Hash, _Allocator)
        -: 2268:    -> unordered_multimap<remove_const_t<_Key>, _Tp, _Hash, equal_to<remove_const_t<_Key>>, _Allocator>;
        -: 2269:#  endif
        -: 2270:
        -: 2271:template <class _Key, class _Tp, class _Hash, class _Pred, class _Alloc>
        -: 2272:unordered_multimap<_Key, _Tp, _Hash, _Pred, _Alloc>::unordered_multimap(
        -: 2273:    size_type __n, const hasher& __hf, const key_equal& __eql)
        -: 2274:    : __table_(__hf, __eql) {
        -: 2275:  __table_.__rehash_multi(__n);
        -: 2276:}
        -: 2277:
        -: 2278:template <class _Key, class _Tp, class _Hash, class _Pred, class _Alloc>
        -: 2279:unordered_multimap<_Key, _Tp, _Hash, _Pred, _Alloc>::unordered_multimap(
        -: 2280:    size_type __n, const hasher& __hf, const key_equal& __eql, const allocator_type& __a)
        -: 2281:    : __table_(__hf, __eql, typename __table::allocator_type(__a)) {
        -: 2282:  __table_.__rehash_multi(__n);
        -: 2283:}
        -: 2284:
        -: 2285:template <class _Key, class _Tp, class _Hash, class _Pred, class _Alloc>
        -: 2286:template <class _InputIterator>
        -: 2287:unordered_multimap<_Key, _Tp, _Hash, _Pred, _Alloc>::unordered_multimap(_InputIterator __first, _InputIterator __last) {
        -: 2288:  insert(__first, __last);
        -: 2289:}
        -: 2290:
        -: 2291:template <class _Key, class _Tp, class _Hash, class _Pred, class _Alloc>
        -: 2292:template <class _InputIterator>
        -: 2293:unordered_multimap<_Key, _Tp, _Hash, _Pred, _Alloc>::unordered_multimap(
        -: 2294:    _InputIterator __first, _InputIterator __last, size_type __n, const hasher& __hf, const key_equal& __eql)
        -: 2295:    : __table_(__hf, __eql) {
        -: 2296:  __table_.__rehash_multi(__n);
        -: 2297:  insert(__first, __last);
        -: 2298:}
        -: 2299:
        -: 2300:template <class _Key, class _Tp, class _Hash, class _Pred, class _Alloc>
        -: 2301:template <class _InputIterator>
        -: 2302:unordered_multimap<_Key, _Tp, _Hash, _Pred, _Alloc>::unordered_multimap(
        -: 2303:    _InputIterator __first,
        -: 2304:    _InputIterator __last,
        -: 2305:    size_type __n,
        -: 2306:    const hasher& __hf,
        -: 2307:    const key_equal& __eql,
        -: 2308:    const allocator_type& __a)
        -: 2309:    : __table_(__hf, __eql, typename __table::allocator_type(__a)) {
        -: 2310:  __table_.__rehash_multi(__n);
        -: 2311:  insert(__first, __last);
        -: 2312:}
        -: 2313:
        -: 2314:template <class _Key, class _Tp, class _Hash, class _Pred, class _Alloc>
        -: 2315:inline unordered_multimap<_Key, _Tp, _Hash, _Pred, _Alloc>::unordered_multimap(const allocator_type& __a)
        -: 2316:    : __table_(typename __table::allocator_type(__a)) {}
        -: 2317:
        -: 2318:template <class _Key, class _Tp, class _Hash, class _Pred, class _Alloc>
        -: 2319:unordered_multimap<_Key, _Tp, _Hash, _Pred, _Alloc>::unordered_multimap(const unordered_multimap& __u)
        -: 2320:    : __table_(__u.__table_) {
        -: 2321:  __table_.__rehash_multi(__u.bucket_count());
        -: 2322:  insert(__u.begin(), __u.end());
        -: 2323:}
        -: 2324:
        -: 2325:template <class _Key, class _Tp, class _Hash, class _Pred, class _Alloc>
        -: 2326:unordered_multimap<_Key, _Tp, _Hash, _Pred, _Alloc>::unordered_multimap(
        -: 2327:    const unordered_multimap& __u, const allocator_type& __a)
        -: 2328:    : __table_(__u.__table_, typename __table::allocator_type(__a)) {
        -: 2329:  __table_.__rehash_multi(__u.bucket_count());
        -: 2330:  insert(__u.begin(), __u.end());
        -: 2331:}
        -: 2332:
        -: 2333:#  ifndef _LIBCPP_CXX03_LANG
        -: 2334:
        -: 2335:template <class _Key, class _Tp, class _Hash, class _Pred, class _Alloc>
        -: 2336:inline unordered_multimap<_Key, _Tp, _Hash, _Pred, _Alloc>::unordered_multimap(unordered_multimap&& __u)
        -: 2337:    _NOEXCEPT_(is_nothrow_move_constructible<__table>::value)
        -: 2338:    : __table_(std::move(__u.__table_)) {}
        -: 2339:
        -: 2340:template <class _Key, class _Tp, class _Hash, class _Pred, class _Alloc>
        -: 2341:unordered_multimap<_Key, _Tp, _Hash, _Pred, _Alloc>::unordered_multimap(
        -: 2342:    unordered_multimap&& __u, const allocator_type& __a)
        -: 2343:    : __table_(std::move(__u.__table_), typename __table::allocator_type(__a)) {
        -: 2344:  if (__a != __u.get_allocator()) {
        -: 2345:    iterator __i = __u.begin();
        -: 2346:    while (__u.size() != 0)
        -: 2347:      __table_.__insert_multi_from_orphaned_node(std::move(__u.__table_.remove((__i++).__i_)->__get_value()));
        -: 2348:  }
        -: 2349:}
        -: 2350:
        -: 2351:template <class _Key, class _Tp, class _Hash, class _Pred, class _Alloc>
        -: 2352:unordered_multimap<_Key, _Tp, _Hash, _Pred, _Alloc>::unordered_multimap(initializer_list<value_type> __il) {
        -: 2353:  insert(__il.begin(), __il.end());
        -: 2354:}
        -: 2355:
        -: 2356:template <class _Key, class _Tp, class _Hash, class _Pred, class _Alloc>
        -: 2357:unordered_multimap<_Key, _Tp, _Hash, _Pred, _Alloc>::unordered_multimap(
        -: 2358:    initializer_list<value_type> __il, size_type __n, const hasher& __hf, const key_equal& __eql)
        -: 2359:    : __table_(__hf, __eql) {
        -: 2360:  __table_.__rehash_multi(__n);
        -: 2361:  insert(__il.begin(), __il.end());
        -: 2362:}
        -: 2363:
        -: 2364:template <class _Key, class _Tp, class _Hash, class _Pred, class _Alloc>
        -: 2365:unordered_multimap<_Key, _Tp, _Hash, _Pred, _Alloc>::unordered_multimap(
        -: 2366:    initializer_list<value_type> __il,
        -: 2367:    size_type __n,
        -: 2368:    const hasher& __hf,
        -: 2369:    const key_equal& __eql,
        -: 2370:    const allocator_type& __a)
        -: 2371:    : __table_(__hf, __eql, typename __table::allocator_type(__a)) {
        -: 2372:  __table_.__rehash_multi(__n);
        -: 2373:  insert(__il.begin(), __il.end());
        -: 2374:}
        -: 2375:
        -: 2376:template <class _Key, class _Tp, class _Hash, class _Pred, class _Alloc>
        -: 2377:inline unordered_multimap<_Key, _Tp, _Hash, _Pred, _Alloc>&
        -: 2378:unordered_multimap<_Key, _Tp, _Hash, _Pred, _Alloc>::operator=(unordered_multimap&& __u)
        -: 2379:    _NOEXCEPT_(is_nothrow_move_assignable<__table>::value) {
        -: 2380:  __table_ = std::move(__u.__table_);
        -: 2381:  return *this;
        -: 2382:}
        -: 2383:
        -: 2384:template <class _Key, class _Tp, class _Hash, class _Pred, class _Alloc>
        -: 2385:inline unordered_multimap<_Key, _Tp, _Hash, _Pred, _Alloc>&
        -: 2386:unordered_multimap<_Key, _Tp, _Hash, _Pred, _Alloc>::operator=(initializer_list<value_type> __il) {
        -: 2387:  __table_.__assign_multi(__il.begin(), __il.end());
        -: 2388:  return *this;
        -: 2389:}
        -: 2390:
        -: 2391:#  endif // _LIBCPP_CXX03_LANG
        -: 2392:
        -: 2393:template <class _Key, class _Tp, class _Hash, class _Pred, class _Alloc>
        -: 2394:template <class _InputIterator>
        -: 2395:inline void unordered_multimap<_Key, _Tp, _Hash, _Pred, _Alloc>::insert(_InputIterator __first, _InputIterator __last) {
        -: 2396:  for (; __first != __last; ++__first)
        -: 2397:    __table_.__emplace_multi(*__first);
        -: 2398:}
        -: 2399:
        -: 2400:template <class _Key, class _Tp, class _Hash, class _Pred, class _Alloc>
        -: 2401:inline _LIBCPP_HIDE_FROM_ABI void
        -: 2402:swap(unordered_multimap<_Key, _Tp, _Hash, _Pred, _Alloc>& __x, unordered_multimap<_Key, _Tp, _Hash, _Pred, _Alloc>& __y)
        -: 2403:    _NOEXCEPT_(_NOEXCEPT_(__x.swap(__y))) {
        -: 2404:  __x.swap(__y);
        -: 2405:}
        -: 2406:
        -: 2407:#  if _LIBCPP_STD_VER >= 20
        -: 2408:template <class _Key, class _Tp, class _Hash, class _Pred, class _Alloc, class _Predicate>
        -: 2409:inline _LIBCPP_HIDE_FROM_ABI typename unordered_multimap<_Key, _Tp, _Hash, _Pred, _Alloc>::size_type
        -: 2410:erase_if(unordered_multimap<_Key, _Tp, _Hash, _Pred, _Alloc>& __c, _Predicate __pred) {
        -: 2411:  return std::__libcpp_erase_if_container(__c, __pred);
        -: 2412:}
        -: 2413:#  endif
        -: 2414:
        -: 2415:template <class _Key, class _Tp, class _Hash, class _Pred, class _Alloc>
        -: 2416:_LIBCPP_HIDE_FROM_ABI bool operator==(const unordered_multimap<_Key, _Tp, _Hash, _Pred, _Alloc>& __x,
        -: 2417:                                      const unordered_multimap<_Key, _Tp, _Hash, _Pred, _Alloc>& __y) {
        -: 2418:  if (__x.size() != __y.size())
        -: 2419:    return false;
        -: 2420:  typedef typename unordered_multimap<_Key, _Tp, _Hash, _Pred, _Alloc>::const_iterator const_iterator;
        -: 2421:  typedef pair<const_iterator, const_iterator> _EqRng;
        -: 2422:  for (const_iterator __i = __x.begin(), __ex = __x.end(); __i != __ex;) {
        -: 2423:    _EqRng __xeq = __x.equal_range(__i->first);
        -: 2424:    _EqRng __yeq = __y.equal_range(__i->first);
        -: 2425:    if (std::distance(__xeq.first, __xeq.second) != std::distance(__yeq.first, __yeq.second) ||
        -: 2426:        !std::is_permutation(__xeq.first, __xeq.second, __yeq.first))
        -: 2427:      return false;
        -: 2428:    __i = __xeq.second;
        -: 2429:  }
        -: 2430:  return true;
        -: 2431:}
        -: 2432:
        -: 2433:#  if _LIBCPP_STD_VER <= 17
        -: 2434:
        -: 2435:template <class _Key, class _Tp, class _Hash, class _Pred, class _Alloc>
        -: 2436:inline _LIBCPP_HIDE_FROM_ABI bool operator!=(const unordered_multimap<_Key, _Tp, _Hash, _Pred, _Alloc>& __x,
        -: 2437:                                             const unordered_multimap<_Key, _Tp, _Hash, _Pred, _Alloc>& __y) {
        -: 2438:  return !(__x == __y);
        -: 2439:}
        -: 2440:
        -: 2441:#  endif
        -: 2442:
        -: 2443:template <class _Key, class _Tp, class _Hash, class _Pred, class _Alloc>
        -: 2444:struct __container_traits<unordered_multimap<_Key, _Tp, _Hash, _Pred, _Alloc> > {
        -: 2445:  // http://eel.is/c++draft/unord.req.except#2
        -: 2446:  //  For unordered associative containers, if an exception is thrown by any operation
        -: 2447:  //  other than the container's hash function from within an insert or emplace function
        -: 2448:  //  inserting a single element, the insertion has no effect.
        -: 2449:  static _LIBCPP_CONSTEXPR const bool __emplacement_has_strong_exception_safety_guarantee =
        -: 2450:      __is_nothrow_invocable_v<_Hash, const _Key&>;
        -: 2451:
        -: 2452:  static _LIBCPP_CONSTEXPR const bool __reservable = true;
        -: 2453:};
        -: 2454:
        -: 2455:_LIBCPP_END_NAMESPACE_STD
        -: 2456:
        -: 2457:#  if _LIBCPP_STD_VER >= 17
        -: 2458:_LIBCPP_BEGIN_NAMESPACE_STD
        -: 2459:namespace pmr {
        -: 2460:template <class _KeyT, class _ValueT, class _HashT = std::hash<_KeyT>, class _PredT = std::equal_to<_KeyT>>
        -: 2461:using unordered_map _LIBCPP_AVAILABILITY_PMR =
        -: 2462:    std::unordered_map<_KeyT, _ValueT, _HashT, _PredT, polymorphic_allocator<std::pair<const _KeyT, _ValueT>>>;
        -: 2463:
        -: 2464:template <class _KeyT, class _ValueT, class _HashT = std::hash<_KeyT>, class _PredT = std::equal_to<_KeyT>>
        -: 2465:using unordered_multimap _LIBCPP_AVAILABILITY_PMR =
        -: 2466:    std::unordered_multimap<_KeyT, _ValueT, _HashT, _PredT, polymorphic_allocator<std::pair<const _KeyT, _ValueT>>>;
        -: 2467:} // namespace pmr
        -: 2468:_LIBCPP_END_NAMESPACE_STD
        -: 2469:#  endif
        -: 2470:
        -: 2471:_LIBCPP_POP_MACROS
        -: 2472:
        -: 2473:#  if !defined(_LIBCPP_REMOVE_TRANSITIVE_INCLUDES) && _LIBCPP_STD_VER <= 20
        -: 2474:#    include <algorithm>
        -: 2475:#    include <bit>
        -: 2476:#    include <cmath>
        -: 2477:#    include <concepts>
        -: 2478:#    include <cstdlib>
        -: 2479:#    include <iterator>
        -: 2480:#    include <type_traits>
        -: 2481:#  endif
        -: 2482:#endif // __cplusplus < 201103L && defined(_LIBCPP_USE_FROZEN_CXX03_HEADERS)
        -: 2483:
        -: 2484:#endif // _LIBCPP_UNORDERED_MAP
